{"name": "Создание аккаунта с корректными данными", "status": "broken", "statusDetails": {"message": "selenium.common.exceptions.TimeoutException: Message: \nStacktrace:\n0   chromedriver                        0x0000000100f5ed7c cxxbridge1$str$ptr + 3028012\n1   chromedriver                        0x0000000100f56c3c cxxbridge1$str$ptr + 2994924\n2   chromedriver                        0x0000000100a52b1c _RNvCsgXDX2mvAJAg_7___rustc35___rust_no_alloc_shim_is_unstable_v2 + 74196\n3   chromedriver                        0x0000000100a999d8 _RNvCsgXDX2mvAJAg_7___rustc35___rust_no_alloc_shim_is_unstable_v2 + 364688\n4   chromedriver                        0x0000000100ada978 _RNvCsgXDX2mvAJAg_7___rustc35___rust_no_alloc_shim_is_unstable_v2 + 630832\n5   chromedriver                        0x0000000100a8e17c _RNvCsgXDX2mvAJAg_7___rustc35___rust_no_alloc_shim_is_unstable_v2 + 317492\n6   chromedriver                        0x0000000100f232cc cxxbridge1$str$ptr + 2783612\n7   chromedriver                        0x0000000100f26a30 cxxbridge1$str$ptr + 2797792\n8   chromedriver                        0x0000000100f03560 cxxbridge1$str$ptr + 2653200\n9   chromedriver                        0x0000000100f272a0 cxxbridge1$str$ptr + 2799952\n10  chromedriver                        0x0000000100ef3f30 cxxbridge1$str$ptr + 2590176\n11  chromedriver                        0x0000000100f461b8 cxxbridge1$str$ptr + 2926696\n12  chromedriver                        0x0000000100f46338 cxxbridge1$str$ptr + 2927080\n13  chromedriver                        0x0000000100f56894 cxxbridge1$str$ptr + 2993988\n14  libsystem_pthread.dylib             0x000000019b641c08 _pthread_start + 136\n15  libsystem_pthread.dylib             0x000000019b63cba8 thread_start + 8", "trace": "self = <tests.test_registration.TestUserRegistration object at 0x10b016990>, driver = <selenium.webdriver.chrome.webdriver.WebDriver (session=\"3f04733840a23d61ca9802e7a3cf0865\")>\nbase_url = 'https://foodgram-frontend-1.prakticum-team.ru'\n\n    @allure.title(\"Создание аккаунта с корректными данными\")\n    @allure.description(\"\"\"\n    Тестовый сценарий:\n    1. Нажать кнопку «Создать аккаунт»\n    2. Заполнить все поля формы регистрации\n    3. Нажать кнопку «Создать аккаунт»\n    4. Проверить:\n       - Произошёл ли переход на страницу авторизации\n       - Отображается ли форма авторизации\n    \"\"\")\n    def test_create_account(self, driver: WebDriver, base_url: str):\n        \"\"\"Тест создания нового аккаунта\"\"\"\n        # Тестовые данные\n        test_email = \"testuser@example.com\"\n        test_username = \"testuser\"\n        test_first_name = \"Test\"\n        test_last_name = \"User\"\n        test_password = \"TestPassword123!\"\n    \n        # Шаг 1: Открыть главную страницу\n        with allure.step(\"Открыть главную страницу\"):\n            driver.get(base_url)\n    \n        # Шаг 2: Нажать кнопку «Создать аккаунт»\n        with allure.step(\"Нажать кнопку 'Создать аккаунт'\"):\n            home_page = HomePage(driver)\n>           home_page.click_create_account_button()\n\ntests/test_registration.py:40: \n_ _ _ _ _ _ _ _ _ _ _ _ _ _ _ _ _ _ _ _ _ _ _ _ _ _ _ _ _ _ _ _ _ _ _ _ _ _ _ _ _ _ _ _ _ _ _ _ _ _ _ _ _ _ _ _ _ _ _ _ _ _ _ _ _ _ _ _ _ _ _ _ _ _ _ _ _ _ _ _ _ _ _ _ _ _ _ _ _ _ _ _ _ _ _ _ _ _ _\npages/home_page.py:14: in click_create_account_button\n    self.click(self.CREATE_ACCOUNT_BUTTON)\nbase/base_object.py:42: in click\n    element = self._is_clickable(locator) if ensure_clickable else self._is_present(locator)\nbase/base_object.py:19: in _is_clickable\n    return self.wait.until(ec.element_to_be_clickable(locator))\n_ _ _ _ _ _ _ _ _ _ _ _ _ _ _ _ _ _ _ _ _ _ _ _ _ _ _ _ _ _ _ _ _ _ _ _ _ _ _ _ _ _ _ _ _ _ _ _ _ _ _ _ _ _ _ _ _ _ _ _ _ _ _ _ _ _ _ _ _ _ _ _ _ _ _ _ _ _ _ _ _ _ _ _ _ _ _ _ _ _ _ _ _ _ _ _ _ _ _\n\nself = <selenium.webdriver.support.wait.WebDriverWait (session=\"3f04733840a23d61ca9802e7a3cf0865\")>, method = <function element_to_be_clickable.<locals>._predicate at 0x10ad7aa20>, message = ''\n\n    def until(self, method: Callable[[D], Union[Literal[False], T]], message: str = \"\") -> T:\n        \"\"\"Calls the method provided with the driver as an argument until the \\\n        return value does not evaluate to ``False``.\n    \n        :param method: callable(WebDriver)\n        :param message: optional message for :exc:`TimeoutException`\n        :returns: the result of the last call to `method`\n        :raises: :exc:`selenium.common.exceptions.TimeoutException` if timeout occurs\n        \"\"\"\n        screen = None\n        stacktrace = None\n    \n        end_time = time.monotonic() + self._timeout\n        while True:\n            try:\n                value = method(self._driver)\n                if value:\n                    return value\n            except self._ignored_exceptions as exc:\n                screen = getattr(exc, \"screen\", None)\n                stacktrace = getattr(exc, \"stacktrace\", None)\n            time.sleep(self._poll)\n            if time.monotonic() > end_time:\n                break\n>       raise TimeoutException(message, screen, stacktrace)\nE       selenium.common.exceptions.TimeoutException: Message: \nE       Stacktrace:\nE       0   chromedriver                        0x0000000100f5ed7c cxxbridge1$str$ptr + 3028012\nE       1   chromedriver                        0x0000000100f56c3c cxxbridge1$str$ptr + 2994924\nE       2   chromedriver                        0x0000000100a52b1c _RNvCsgXDX2mvAJAg_7___rustc35___rust_no_alloc_shim_is_unstable_v2 + 74196\nE       3   chromedriver                        0x0000000100a999d8 _RNvCsgXDX2mvAJAg_7___rustc35___rust_no_alloc_shim_is_unstable_v2 + 364688\nE       4   chromedriver                        0x0000000100ada978 _RNvCsgXDX2mvAJAg_7___rustc35___rust_no_alloc_shim_is_unstable_v2 + 630832\nE       5   chromedriver                        0x0000000100a8e17c _RNvCsgXDX2mvAJAg_7___rustc35___rust_no_alloc_shim_is_unstable_v2 + 317492\nE       6   chromedriver                        0x0000000100f232cc cxxbridge1$str$ptr + 2783612\nE       7   chromedriver                        0x0000000100f26a30 cxxbridge1$str$ptr + 2797792\nE       8   chromedriver                        0x0000000100f03560 cxxbridge1$str$ptr + 2653200\nE       9   chromedriver                        0x0000000100f272a0 cxxbridge1$str$ptr + 2799952\nE       10  chromedriver                        0x0000000100ef3f30 cxxbridge1$str$ptr + 2590176\nE       11  chromedriver                        0x0000000100f461b8 cxxbridge1$str$ptr + 2926696\nE       12  chromedriver                        0x0000000100f46338 cxxbridge1$str$ptr + 2927080\nE       13  chromedriver                        0x0000000100f56894 cxxbridge1$str$ptr + 2993988\nE       14  libsystem_pthread.dylib             0x000000019b641c08 _pthread_start + 136\nE       15  libsystem_pthread.dylib             0x000000019b63cba8 thread_start + 8\n\n.venv/lib/python3.13/site-packages/selenium/webdriver/support/wait.py:105: TimeoutException"}, "description": "\n    Тестовый сценарий:\n    1. Нажать кнопку «Создать аккаунт»\n    2. Заполнить все поля формы регистрации\n    3. Нажать кнопку «Создать аккаунт»\n    4. Проверить:\n       - Произошёл ли переход на страницу авторизации\n       - Отображается ли форма авторизации\n    ", "steps": [{"name": "Открыть главную страницу", "status": "passed", "start": 1765671086940, "stop": 1765671087804}, {"name": "Нажать кнопку 'Создать аккаунт'", "status": "broken", "statusDetails": {"message": "selenium.common.exceptions.TimeoutException: Message: \nStacktrace:\n0   chromedriver                        0x0000000100f5ed7c cxxbridge1$str$ptr + 3028012\n1   chromedriver                        0x0000000100f56c3c cxxbridge1$str$ptr + 2994924\n2   chromedriver                        0x0000000100a52b1c _RNvCsgXDX2mvAJAg_7___rustc35___rust_no_alloc_shim_is_unstable_v2 + 74196\n3   chromedriver                        0x0000000100a999d8 _RNvCsgXDX2mvAJAg_7___rustc35___rust_no_alloc_shim_is_unstable_v2 + 364688\n4   chromedriver                        0x0000000100ada978 _RNvCsgXDX2mvAJAg_7___rustc35___rust_no_alloc_shim_is_unstable_v2 + 630832\n5   chromedriver                        0x0000000100a8e17c _RNvCsgXDX2mvAJAg_7___rustc35___rust_no_alloc_shim_is_unstable_v2 + 317492\n6   chromedriver                        0x0000000100f232cc cxxbridge1$str$ptr + 2783612\n7   chromedriver                        0x0000000100f26a30 cxxbridge1$str$ptr + 2797792\n8   chromedriver                        0x0000000100f03560 cxxbridge1$str$ptr + 2653200\n9   chromedriver                        0x0000000100f272a0 cxxbridge1$str$ptr + 2799952\n10  chromedriver                        0x0000000100ef3f30 cxxbridge1$str$ptr + 2590176\n11  chromedriver                        0x0000000100f461b8 cxxbridge1$str$ptr + 2926696\n12  chromedriver                        0x0000000100f46338 cxxbridge1$str$ptr + 2927080\n13  chromedriver                        0x0000000100f56894 cxxbridge1$str$ptr + 2993988\n14  libsystem_pthread.dylib             0x000000019b641c08 _pthread_start + 136\n15  libsystem_pthread.dylib             0x000000019b63cba8 thread_start + 8\n\n", "trace": "  File \"/Users/klim/PycharmProjects/Sprint_9/tests/test_registration.py\", line 40, in test_create_account\n    home_page.click_create_account_button()\n    ~~~~~~~~~~~~~~~~~~~~~~~~~~~~~~~~~~~~~^^\n  File \"/Users/klim/PycharmProjects/Sprint_9/pages/home_page.py\", line 14, in click_create_account_button\n    self.click(self.CREATE_ACCOUNT_BUTTON)\n    ~~~~~~~~~~^^^^^^^^^^^^^^^^^^^^^^^^^^^^\n  File \"/Users/klim/PycharmProjects/Sprint_9/base/base_object.py\", line 42, in click\n    element = self._is_clickable(locator) if ensure_clickable else self._is_present(locator)\n              ~~~~~~~~~~~~~~~~~~^^^^^^^^^\n  File \"/Users/klim/PycharmProjects/Sprint_9/base/base_object.py\", line 19, in _is_clickable\n    return self.wait.until(ec.element_to_be_clickable(locator))\n           ~~~~~~~~~~~~~~~^^^^^^^^^^^^^^^^^^^^^^^^^^^^^^^^^^^^^\n  File \"/Users/klim/PycharmProjects/Sprint_9/.venv/lib/python3.13/site-packages/selenium/webdriver/support/wait.py\", line 105, in until\n    raise TimeoutException(message, screen, stacktrace)\n"}, "start": 1765671087804, "stop": 1765671093325}], "attachments": [{"name": "stdout", "source": "6084606e-d1c8-4732-b9fc-2a26ca4d59c8-attachment.txt", "type": "text/plain"}], "start": 1765671086939, "stop": 1765671093328, "uuid": "8e0d3eae-d2b4-45db-b055-6d8e008299f5", "historyId": "5312e5046e06582991f0e433d6e6aafb", "testCaseId": "5312e5046e06582991f0e433d6e6aafb", "fullName": "tests.test_registration.TestUserRegistration#test_create_account", "labels": [{"name": "story", "value": "User Registration"}, {"name": "feature", "value": "Authentication"}, {"name": "parentSuite", "value": "tests"}, {"name": "suite", "value": "test_registration"}, {"name": "subSuite", "value": "TestUserRegistration"}, {"name": "host", "value": "MacBook-Air-2.local"}, {"name": "thread", "value": "8150-MainThread"}, {"name": "framework", "value": "pytest"}, {"name": "language", "value": "cpython3"}, {"name": "package", "value": "tests.test_registration"}]}