{"name": "Создание рецепта с корректными данными", "status": "broken", "statusDetails": {"message": "selenium.common.exceptions.TimeoutException: Message: \nStacktrace:\n0   chromedriver                        0x0000000103062d7c cxxbridge1$str$ptr + 3028012\n1   chromedriver                        0x000000010305ac3c cxxbridge1$str$ptr + 2994924\n2   chromedriver                        0x0000000102b56b1c _RNvCsgXDX2mvAJAg_7___rustc35___rust_no_alloc_shim_is_unstable_v2 + 74196\n3   chromedriver                        0x0000000102b9d9d8 _RNvCsgXDX2mvAJAg_7___rustc35___rust_no_alloc_shim_is_unstable_v2 + 364688\n4   chromedriver                        0x0000000102bde978 _RNvCsgXDX2mvAJAg_7___rustc35___rust_no_alloc_shim_is_unstable_v2 + 630832\n5   chromedriver                        0x0000000102b9217c _RNvCsgXDX2mvAJAg_7___rustc35___rust_no_alloc_shim_is_unstable_v2 + 317492\n6   chromedriver                        0x00000001030272cc cxxbridge1$str$ptr + 2783612\n7   chromedriver                        0x000000010302aa30 cxxbridge1$str$ptr + 2797792\n8   chromedriver                        0x0000000103007560 cxxbridge1$str$ptr + 2653200\n9   chromedriver                        0x000000010302b2a0 cxxbridge1$str$ptr + 2799952\n10  chromedriver                        0x0000000102ff7f30 cxxbridge1$str$ptr + 2590176\n11  chromedriver                        0x000000010304a1b8 cxxbridge1$str$ptr + 2926696\n12  chromedriver                        0x000000010304a338 cxxbridge1$str$ptr + 2927080\n13  chromedriver                        0x000000010305a894 cxxbridge1$str$ptr + 2993988\n14  libsystem_pthread.dylib             0x000000019b641c08 _pthread_start + 136\n15  libsystem_pthread.dylib             0x000000019b63cba8 thread_start + 8", "trace": "self = <tests.test_recipe_creation.TestRecipeCreation object at 0x10b8d7c50>\ndriver = <selenium.webdriver.chrome.webdriver.WebDriver (session=\"ed3b6a0852e0097ba3acdd3bcc2c9003\")>\nbase_url = 'https://foodgram-frontend-1.prakticum-team.ru'\n\n    @allure.title(\"Создание рецепта с корректными данными\")\n    @allure.description(\"\"\"\n    Тестовый сценарий:\n    1. Авторизоваться\n    2. Перейти на таб «Создать рецепт»\n    3. Заполнить все поля формы создания рецепта:\n       - Название\n       - Описание\n       - Время приготовления\n       - Ингредиент (выбрать из списка автодополнения)\n       - Количество ингредиента\n    4. Нажать кнопку «Создать рецепт»\n    5. Проверить:\n       - Отображается ли карточка созданного рецепта\n       - Отображается ли название, которое заполняли при создании\n    \"\"\")\n    def test_create_recipe(self, driver: WebDriver, base_url: str):\n        \"\"\"Тест создания нового рецепта\"\"\"\n        # Тестовые данные\n        test_username = \"Test_USer\"\n        test_password = \"Test1234!\"\n        recipe_name = \"Тестовый рецепт\"\n        recipe_description = \"Это тестовое описание рецепта\"\n        cooking_time = \"30\"\n        ingredient_name = \"масло авокадо\"\n        ingredient_quantity = \"100\"\n    \n        # Прикрепить данные к отчёту Allure\n        allure.attach(\n            f\"Recipe Name: {recipe_name}\\n\"\n            f\"Ingredient: {ingredient_name}\\n\"\n            f\"Quantity: {ingredient_quantity}\\n\"\n            f\"Cooking Time: {cooking_time}\",\n            name=\"test_data\",\n            attachment_type=allure.attachment_type.TEXT\n        )\n    \n        # Шаг 1: Открыть главную страницу\n        with allure.step(\"Открыть главную страницу\"):\n            driver.get(base_url)\n    \n        # Шаг 2: Авторизоваться\n        with allure.step(\"Авторизоваться\"):\n            home_page = HomePage(driver)\n            home_page.click_login_link()\n    \n            login_page = LoginPage(driver)\n            login_page.login(\n                username=test_username,\n                password=test_password\n            )\n    \n        # Шаг 3: Перейти на таб «Создать рецепт»\n        with allure.step(\"Перейти на таб 'Создать рецепт'\"):\n            home_page = HomePage(driver)\n            home_page.click_create_recipe_tab()\n    \n        # Шаг 4: Заполнить форму создания рецепта\n        with allure.step(\"Заполнить форму создания рецепта\"):\n            recipe_page = RecipePage(driver)\n            recipe_page.create_recipe(\n                name=recipe_name,\n                description=recipe_description,\n                cooking_time=cooking_time,\n                ingredient_name=ingredient_name,\n                ingredient_quantity=ingredient_quantity,\n                file_path = \"./assets/mental_health_35.jpeg\"\n            )\n    \n        # Шаг 5: Проверить отображение карточки созданного рецепта\n        with allure.step(\"Проверить отображение карточки созданного рецепта\"):\n            recipe_page = RecipePage(driver)\n>           assert recipe_page.is_recipe_card_visible(), \\\n                \"Карточка созданного рецепта не видна на странице\"\n\ntests/test_recipe_creation.py:86: \n_ _ _ _ _ _ _ _ _ _ _ _ _ _ _ _ _ _ _ _ _ _ _ _ _ _ _ _ _ _ _ _ _ _ _ _ _ _ _ _ \npages/recipe_page.py:123: in is_recipe_card_visible\n    self._is_visible(self.RECIPE_CARD)\nbase/base_object.py:16: in _is_visible\n    return self.wait.until(ec.visibility_of_element_located(locator))\n_ _ _ _ _ _ _ _ _ _ _ _ _ _ _ _ _ _ _ _ _ _ _ _ _ _ _ _ _ _ _ _ _ _ _ _ _ _ _ _ \n\nself = <selenium.webdriver.support.wait.WebDriverWait (session=\"ed3b6a0852e0097ba3acdd3bcc2c9003\")>\nmethod = <function visibility_of_element_located.<locals>._predicate at 0x10b95d800>\nmessage = ''\n\n    def until(self, method: Callable[[D], Union[Literal[False], T]], message: str = \"\") -> T:\n        \"\"\"Calls the method provided with the driver as an argument until the \\\n        return value does not evaluate to ``False``.\n    \n        :param method: callable(WebDriver)\n        :param message: optional message for :exc:`TimeoutException`\n        :returns: the result of the last call to `method`\n        :raises: :exc:`selenium.common.exceptions.TimeoutException` if timeout occurs\n        \"\"\"\n        screen = None\n        stacktrace = None\n    \n        end_time = time.monotonic() + self._timeout\n        while True:\n            try:\n                value = method(self._driver)\n                if value:\n                    return value\n            except self._ignored_exceptions as exc:\n                screen = getattr(exc, \"screen\", None)\n                stacktrace = getattr(exc, \"stacktrace\", None)\n            time.sleep(self._poll)\n            if time.monotonic() > end_time:\n                break\n>       raise TimeoutException(message, screen, stacktrace)\nE       selenium.common.exceptions.TimeoutException: Message: \nE       Stacktrace:\nE       0   chromedriver                        0x0000000103062d7c cxxbridge1$str$ptr + 3028012\nE       1   chromedriver                        0x000000010305ac3c cxxbridge1$str$ptr + 2994924\nE       2   chromedriver                        0x0000000102b56b1c _RNvCsgXDX2mvAJAg_7___rustc35___rust_no_alloc_shim_is_unstable_v2 + 74196\nE       3   chromedriver                        0x0000000102b9d9d8 _RNvCsgXDX2mvAJAg_7___rustc35___rust_no_alloc_shim_is_unstable_v2 + 364688\nE       4   chromedriver                        0x0000000102bde978 _RNvCsgXDX2mvAJAg_7___rustc35___rust_no_alloc_shim_is_unstable_v2 + 630832\nE       5   chromedriver                        0x0000000102b9217c _RNvCsgXDX2mvAJAg_7___rustc35___rust_no_alloc_shim_is_unstable_v2 + 317492\nE       6   chromedriver                        0x00000001030272cc cxxbridge1$str$ptr + 2783612\nE       7   chromedriver                        0x000000010302aa30 cxxbridge1$str$ptr + 2797792\nE       8   chromedriver                        0x0000000103007560 cxxbridge1$str$ptr + 2653200\nE       9   chromedriver                        0x000000010302b2a0 cxxbridge1$str$ptr + 2799952\nE       10  chromedriver                        0x0000000102ff7f30 cxxbridge1$str$ptr + 2590176\nE       11  chromedriver                        0x000000010304a1b8 cxxbridge1$str$ptr + 2926696\nE       12  chromedriver                        0x000000010304a338 cxxbridge1$str$ptr + 2927080\nE       13  chromedriver                        0x000000010305a894 cxxbridge1$str$ptr + 2993988\nE       14  libsystem_pthread.dylib             0x000000019b641c08 _pthread_start + 136\nE       15  libsystem_pthread.dylib             0x000000019b63cba8 thread_start + 8\n\n.venv/lib/python3.13/site-packages/selenium/webdriver/support/wait.py:105: TimeoutException"}, "description": "\n    Тестовый сценарий:\n    1. Авторизоваться\n    2. Перейти на таб «Создать рецепт»\n    3. Заполнить все поля формы создания рецепта:\n       - Название\n       - Описание\n       - Время приготовления\n       - Ингредиент (выбрать из списка автодополнения)\n       - Количество ингредиента\n    4. Нажать кнопку «Создать рецепт»\n    5. Проверить:\n       - Отображается ли карточка созданного рецепта\n       - Отображается ли название, которое заполняли при создании\n    ", "steps": [{"name": "Открыть главную страницу", "status": "passed", "start": 1765745923459, "stop": 1765745924208}, {"name": "Авторизоваться", "status": "passed", "start": 1765745924208, "stop": 1765745924402}, {"name": "Перейти на таб 'Создать рецепт'", "status": "passed", "start": 1765745924402, "stop": 1765745925013}, {"name": "Заполнить форму создания рецепта", "status": "passed", "start": 1765745925013, "stop": 1765745932120}, {"name": "Проверить отображение карточки созданного рецепта", "status": "broken", "statusDetails": {"message": "selenium.common.exceptions.TimeoutException: Message: \nStacktrace:\n0   chromedriver                        0x0000000103062d7c cxxbridge1$str$ptr + 3028012\n1   chromedriver                        0x000000010305ac3c cxxbridge1$str$ptr + 2994924\n2   chromedriver                        0x0000000102b56b1c _RNvCsgXDX2mvAJAg_7___rustc35___rust_no_alloc_shim_is_unstable_v2 + 74196\n3   chromedriver                        0x0000000102b9d9d8 _RNvCsgXDX2mvAJAg_7___rustc35___rust_no_alloc_shim_is_unstable_v2 + 364688\n4   chromedriver                        0x0000000102bde978 _RNvCsgXDX2mvAJAg_7___rustc35___rust_no_alloc_shim_is_unstable_v2 + 630832\n5   chromedriver                        0x0000000102b9217c _RNvCsgXDX2mvAJAg_7___rustc35___rust_no_alloc_shim_is_unstable_v2 + 317492\n6   chromedriver                        0x00000001030272cc cxxbridge1$str$ptr + 2783612\n7   chromedriver                        0x000000010302aa30 cxxbridge1$str$ptr + 2797792\n8   chromedriver                        0x0000000103007560 cxxbridge1$str$ptr + 2653200\n9   chromedriver                        0x000000010302b2a0 cxxbridge1$str$ptr + 2799952\n10  chromedriver                        0x0000000102ff7f30 cxxbridge1$str$ptr + 2590176\n11  chromedriver                        0x000000010304a1b8 cxxbridge1$str$ptr + 2926696\n12  chromedriver                        0x000000010304a338 cxxbridge1$str$ptr + 2927080\n13  chromedriver                        0x000000010305a894 cxxbridge1$str$ptr + 2993988\n14  libsystem_pthread.dylib             0x000000019b641c08 _pthread_start + 136\n15  libsystem_pthread.dylib             0x000000019b63cba8 thread_start + 8\n\n", "trace": "  File \"/Users/klim/PycharmProjects/Sprint_9/tests/test_recipe_creation.py\", line 86, in test_create_recipe\n    assert recipe_page.is_recipe_card_visible(), \\\n        \"Карточка созданного рецепта не видна на странице\"\n  File \"/Users/klim/PycharmProjects/Sprint_9/pages/recipe_page.py\", line 123, in is_recipe_card_visible\n    self._is_visible(self.RECIPE_CARD)\n    ~~~~~~~~~~~~~~~~^^^^^^^^^^^^^^^^^^\n  File \"/Users/klim/PycharmProjects/Sprint_9/base/base_object.py\", line 16, in _is_visible\n    return self.wait.until(ec.visibility_of_element_located(locator))\n           ~~~~~~~~~~~~~~~^^^^^^^^^^^^^^^^^^^^^^^^^^^^^^^^^^^^^^^^^^^\n  File \"/Users/klim/PycharmProjects/Sprint_9/.venv/lib/python3.13/site-packages/selenium/webdriver/support/wait.py\", line 105, in until\n    raise TimeoutException(message, screen, stacktrace)\n"}, "start": 1765745932120, "stop": 1765745937652}], "attachments": [{"name": "test_data", "source": "8a0cc10f-0227-4cd9-8b85-911aa32879a1-attachment.txt", "type": "text/plain"}, {"name": "stdout", "source": "7b329df0-afbb-4a2a-8096-accd98df6d3d-attachment.txt", "type": "text/plain"}], "start": 1765745923459, "stop": 1765745937656, "uuid": "2c5d104a-6eb5-4c12-9a42-dc0bf005e97b", "historyId": "f961720726e4f87e9351284a25467d89", "testCaseId": "f961720726e4f87e9351284a25467d89", "fullName": "tests.test_recipe_creation.TestRecipeCreation#test_create_recipe", "labels": [{"name": "feature", "value": "Recipe Management"}, {"name": "story", "value": "Recipe Creation"}, {"name": "parentSuite", "value": "tests"}, {"name": "suite", "value": "test_recipe_creation"}, {"name": "subSuite", "value": "TestRecipeCreation"}, {"name": "host", "value": "MacBook-Air-2.local"}, {"name": "thread", "value": "28049-MainThread"}, {"name": "framework", "value": "pytest"}, {"name": "language", "value": "cpython3"}, {"name": "package", "value": "tests.test_recipe_creation"}]}