{"name": "Создание аккаунта с корректными данными", "status": "failed", "statusDetails": {"message": "AssertionError: Ожидается переход на страницу авторизации, текущий URL: https://foodgram-frontend-1.prakticum-team.ru/signup\nassert ('login' in 'https://foodgram-frontend-1.prakticum-team.ru/signup' or 'signin' in 'https://foodgram-frontend-1.prakticum-team.ru/signup')\n +  where 'https://foodgram-frontend-1.prakticum-team.ru/signup' = <built-in method lower of str object at 0x109b08810>()\n +    where <built-in method lower of str object at 0x109b08810> = 'https://foodgram-frontend-1.prakticum-team.ru/signup'.lower\n +      where 'https://foodgram-frontend-1.prakticum-team.ru/signup' = <selenium.webdriver.chrome.webdriver.WebDriver (session=\"05a1c949929152aa04aed9aa945474b4\")>.current_url\n +  and   'https://foodgram-frontend-1.prakticum-team.ru/signup' = <built-in method lower of str object at 0x109b08b10>()\n +    where <built-in method lower of str object at 0x109b08b10> = 'https://foodgram-frontend-1.prakticum-team.ru/signup'.lower\n +      where 'https://foodgram-frontend-1.prakticum-team.ru/signup' = <selenium.webdriver.chrome.webdriver.WebDriver (session=\"05a1c949929152aa04aed9aa945474b4\")>.current_url", "trace": "self = <tests.test_registration.TestUserRegistration object at 0x10995ac10>\ndriver = <selenium.webdriver.chrome.webdriver.WebDriver (session=\"05a1c949929152aa04aed9aa945474b4\")>\nbase_url = 'https://foodgram-frontend-1.prakticum-team.ru'\n\n    @allure.title(\"Создание аккаунта с корректными данными\")\n    @allure.description(\"\"\"\n    Тестовый сценарий:\n    1. Нажать кнопку «Создать аккаунт»\n    2. Заполнить все поля формы регистрации\n    3. Нажать кнопку «Создать аккаунт»\n    4. Проверить:\n       - Произошёл ли переход на страницу авторизации\n       - Отображается ли форма авторизации\n    \"\"\")\n    def test_create_account(self, driver: WebDriver, base_url: str):\n        \"\"\"Тест создания нового аккаунта\"\"\"\n        # Генерировать уникальные данные для каждого запуска\n        test_email = generate_unique_email()\n        test_username = generate_unique_username()\n        test_first_name = \"Test_AUTO\"\n        test_last_name = \"User_AUTO\"\n        test_password = \"TestPassword123!\"\n    \n        # Прикрепить данные к отчёту Allure\n        allure.attach(\n            f\"Email: {test_email}\\nUsername: {test_username}\",\n            name=\"test_data\",\n            attachment_type=allure.attachment_type.TEXT\n        )\n    \n        # Шаг 1: Открыть главную страницу\n        with allure.step(\"Открыть главную страницу\"):\n            driver.get(base_url)\n    \n        # Шаг 2: Нажать кнопку «Создать аккаунт»\n        with allure.step(\"Нажать кнопку 'Создать аккаунт'\"):\n            home_page = HomePage(driver)\n            home_page.click_create_account_button()\n    \n        # Шаг 3: Заполнить все поля формы регистрации\n        with allure.step(\"Заполнить форму регистрации\"):\n            registration_page = RegistrationPage(driver)\n            registration_page.register_user(\n                email=test_email,\n                username=test_username,\n                first_name=test_first_name,\n                last_name=test_last_name,\n                password=test_password\n            )\n    \n        # Шаг 4: Проверить переход на страницу авторизации\n        with allure.step(\"Проверить переход на страницу авторизации\"):\n            login_page = LoginPage(driver)\n            # Проверяем, что URL содержит 'login' или 'signin'\n>           assert \"login\" in driver.current_url.lower() or \\\n                   \"signin\" in driver.current_url.lower(), \\\n                f\"Ожидается переход на страницу авторизации, текущий URL: {driver.current_url}\"\nE           AssertionError: Ожидается переход на страницу авторизации, текущий URL: https://foodgram-frontend-1.prakticum-team.ru/signup\nE           assert ('login' in 'https://foodgram-frontend-1.prakticum-team.ru/signup' or 'signin' in 'https://foodgram-frontend-1.prakticum-team.ru/signup')\nE            +  where 'https://foodgram-frontend-1.prakticum-team.ru/signup' = <built-in method lower of str object at 0x109b08810>()\nE            +    where <built-in method lower of str object at 0x109b08810> = 'https://foodgram-frontend-1.prakticum-team.ru/signup'.lower\nE            +      where 'https://foodgram-frontend-1.prakticum-team.ru/signup' = <selenium.webdriver.chrome.webdriver.WebDriver (session=\"05a1c949929152aa04aed9aa945474b4\")>.current_url\nE            +  and   'https://foodgram-frontend-1.prakticum-team.ru/signup' = <built-in method lower of str object at 0x109b08b10>()\nE            +    where <built-in method lower of str object at 0x109b08b10> = 'https://foodgram-frontend-1.prakticum-team.ru/signup'.lower\nE            +      where 'https://foodgram-frontend-1.prakticum-team.ru/signup' = <selenium.webdriver.chrome.webdriver.WebDriver (session=\"05a1c949929152aa04aed9aa945474b4\")>.current_url\n\ntests/test_registration.py:80: AssertionError"}, "description": "\n    Тестовый сценарий:\n    1. Нажать кнопку «Создать аккаунт»\n    2. Заполнить все поля формы регистрации\n    3. Нажать кнопку «Создать аккаунт»\n    4. Проверить:\n       - Произошёл ли переход на страницу авторизации\n       - Отображается ли форма авторизации\n    ", "steps": [{"name": "Открыть главную страницу", "status": "passed", "start": 1765671957316, "stop": 1765671957947}, {"name": "Нажать кнопку 'Создать аккаунт'", "status": "passed", "start": 1765671957947, "stop": 1765671957989}, {"name": "Заполнить форму регистрации", "status": "passed", "start": 1765671957989, "stop": 1765671958269}, {"name": "Проверить переход на страницу авторизации", "status": "failed", "statusDetails": {"message": "AssertionError: Ожидается переход на страницу авторизации, текущий URL: https://foodgram-frontend-1.prakticum-team.ru/signup\nassert ('login' in 'https://foodgram-frontend-1.prakticum-team.ru/signup' or 'signin' in 'https://foodgram-frontend-1.prakticum-team.ru/signup')\n +  where 'https://foodgram-frontend-1.prakticum-team.ru/signup' = <built-in method lower of str object at 0x109b08810>()\n +    where <built-in method lower of str object at 0x109b08810> = 'https://foodgram-frontend-1.prakticum-team.ru/signup'.lower\n +      where 'https://foodgram-frontend-1.prakticum-team.ru/signup' = <selenium.webdriver.chrome.webdriver.WebDriver (session=\"05a1c949929152aa04aed9aa945474b4\")>.current_url\n +  and   'https://foodgram-frontend-1.prakticum-team.ru/signup' = <built-in method lower of str object at 0x109b08b10>()\n +    where <built-in method lower of str object at 0x109b08b10> = 'https://foodgram-frontend-1.prakticum-team.ru/signup'.lower\n +      where 'https://foodgram-frontend-1.prakticum-team.ru/signup' = <selenium.webdriver.chrome.webdriver.WebDriver (session=\"05a1c949929152aa04aed9aa945474b4\")>.current_url\n", "trace": "  File \"/Users/klim/PycharmProjects/Sprint_9/tests/test_registration.py\", line 80, in test_create_account\n    assert \"login\" in driver.current_url.lower() or \\\n           \"signin\" in driver.current_url.lower(), \\\n        f\"Ожидается переход на страницу авторизации, текущий URL: {driver.current_url}\"\n"}, "start": 1765671958269, "stop": 1765671958272}], "attachments": [{"name": "test_data", "source": "415e5324-5207-4f31-9e86-7bc24024dd5c-attachment.txt", "type": "text/plain"}, {"name": "stdout", "source": "7b2d33f4-ecf8-417f-899c-d9860fc60168-attachment.txt", "type": "text/plain"}], "start": 1765671957316, "stop": 1765671958275, "uuid": "7087151c-b6bc-4235-ac05-951925929a6f", "historyId": "5312e5046e06582991f0e433d6e6aafb", "testCaseId": "5312e5046e06582991f0e433d6e6aafb", "fullName": "tests.test_registration.TestUserRegistration#test_create_account", "labels": [{"name": "story", "value": "User Registration"}, {"name": "feature", "value": "Authentication"}, {"name": "parentSuite", "value": "tests"}, {"name": "suite", "value": "test_registration"}, {"name": "subSuite", "value": "TestUserRegistration"}, {"name": "host", "value": "MacBook-Air-2.local"}, {"name": "thread", "value": "9294-MainThread"}, {"name": "framework", "value": "pytest"}, {"name": "language", "value": "cpython3"}, {"name": "package", "value": "tests.test_registration"}]}