{"name": "Создание аккаунта с корректными данными", "status": "broken", "statusDetails": {"message": "selenium.common.exceptions.TimeoutException: Message:", "trace": "self = <tests.test_registration.TestUserRegistration object at 0x10777e990>, driver = <selenium.webdriver.chrome.webdriver.WebDriver (session=\"7738851558180a28ee89bee96d940b4e\")>\nbase_url = 'https://foodgram-frontend-1.prakticum-team.ru'\n\n    @allure.title(\"Создание аккаунта с корректными данными\")\n    @allure.description(\"\"\"\n    Тестовый сценарий:\n    1. Нажать кнопку «Создать аккаунт»\n    2. Заполнить все поля формы регистрации\n    3. Нажать кнопку «Создать аккаунт»\n    4. Проверить:\n       - Произошёл ли переход на страницу авторизации\n       - Отображается ли форма авторизации\n    \"\"\")\n    def test_create_account(self, driver: WebDriver, base_url: str):\n        \"\"\"Тест создания нового аккаунта\"\"\"\n        # Генерировать уникальные данные для каждого запуска\n        test_email = generate_unique_email()\n        test_username = generate_unique_username()\n        test_first_name = \"Test_AUTO\"\n        test_last_name = \"User_AUTO\"\n        test_password = \"TestPassword123!\"\n    \n        # Прикрепить данные к отчёту Allure\n        allure.attach(\n            f\"Email: {test_email}\\nUsername: {test_username}\",\n            name=\"test_data\",\n            attachment_type=allure.attachment_type.TEXT\n        )\n    \n        # Шаг 1: Открыть главную страницу\n        with allure.step(\"Открыть главную страницу\"):\n            driver.get(base_url)\n    \n        # Шаг 2: Нажать кнопку «Создать аккаунт»\n        with allure.step(\"Нажать кнопку 'Создать аккаунт'\"):\n            home_page = HomePage(driver)\n            home_page.click_create_account_button()\n    \n        # Шаг 3: Заполнить все поля формы регистрации\n        with allure.step(\"Заполнить форму регистрации\"):\n            registration_page = RegistrationPage(driver)\n            registration_page.register_user(\n                email=test_email,\n                username=test_username,\n                first_name=test_first_name,\n                last_name=test_last_name,\n                password=test_password\n            )\n    \n        # Шаг 4: Проверить переход на страницу авторизации\n        with allure.step(\"Проверить переход на страницу авторизации\"):\n>           registration_page.is_url_valid()\n\ntests/test_registration.py:78: \n_ _ _ _ _ _ _ _ _ _ _ _ _ _ _ _ _ _ _ _ _ _ _ _ _ _ _ _ _ _ _ _ _ _ _ _ _ _ _ _ _ _ _ _ _ _ _ _ _ _ _ _ _ _ _ _ _ _ _ _ _ _ _ _ _ _ _ _ _ _ _ _ _ _ _ _ _ _ _ _ _ _ _ _ _ _ _ _ _ _ _ _ _ _ _ _ _ _ _\npages/registration_page.py:65: in is_url_valid\n    current_url = self.get_current_url(login_page.LOGIN_BUTTON)\nbase/base_object.py:54: in get_current_url\n    self._is_not_visible(wait_locator)\nbase/base_object.py:35: in _is_not_visible\n    return self.wait.until(ec.invisibility_of_element_located(locator))\n_ _ _ _ _ _ _ _ _ _ _ _ _ _ _ _ _ _ _ _ _ _ _ _ _ _ _ _ _ _ _ _ _ _ _ _ _ _ _ _ _ _ _ _ _ _ _ _ _ _ _ _ _ _ _ _ _ _ _ _ _ _ _ _ _ _ _ _ _ _ _ _ _ _ _ _ _ _ _ _ _ _ _ _ _ _ _ _ _ _ _ _ _ _ _ _ _ _ _\n\nself = <selenium.webdriver.support.wait.WebDriverWait (session=\"7738851558180a28ee89bee96d940b4e\")>, method = <function invisibility_of_element_located.<locals>._predicate at 0x1078e1620>\nmessage = ''\n\n    def until(self, method: Callable[[D], Union[Literal[False], T]], message: str = \"\") -> T:\n        \"\"\"Calls the method provided with the driver as an argument until the \\\n        return value does not evaluate to ``False``.\n    \n        :param method: callable(WebDriver)\n        :param message: optional message for :exc:`TimeoutException`\n        :returns: the result of the last call to `method`\n        :raises: :exc:`selenium.common.exceptions.TimeoutException` if timeout occurs\n        \"\"\"\n        screen = None\n        stacktrace = None\n    \n        end_time = time.monotonic() + self._timeout\n        while True:\n            try:\n                value = method(self._driver)\n                if value:\n                    return value\n            except self._ignored_exceptions as exc:\n                screen = getattr(exc, \"screen\", None)\n                stacktrace = getattr(exc, \"stacktrace\", None)\n            time.sleep(self._poll)\n            if time.monotonic() > end_time:\n                break\n>       raise TimeoutException(message, screen, stacktrace)\nE       selenium.common.exceptions.TimeoutException: Message:\n\n.venv/lib/python3.13/site-packages/selenium/webdriver/support/wait.py:105: TimeoutException"}, "description": "\n    Тестовый сценарий:\n    1. Нажать кнопку «Создать аккаунт»\n    2. Заполнить все поля формы регистрации\n    3. Нажать кнопку «Создать аккаунт»\n    4. Проверить:\n       - Произошёл ли переход на страницу авторизации\n       - Отображается ли форма авторизации\n    ", "steps": [{"name": "Открыть главную страницу", "status": "passed", "start": 1765747123008, "stop": 1765747123724}, {"name": "Нажать кнопку 'Создать аккаунт'", "status": "passed", "start": 1765747123724, "stop": 1765747123755}, {"name": "Заполнить форму регистрации", "status": "passed", "start": 1765747123755, "stop": 1765747123983}, {"name": "Проверить переход на страницу авторизации", "status": "broken", "statusDetails": {"message": "selenium.common.exceptions.TimeoutException: Message: \n\n", "trace": "  File \"/Users/klim/PycharmProjects/Sprint_9/tests/test_registration.py\", line 78, in test_create_account\n    registration_page.is_url_valid()\n    ~~~~~~~~~~~~~~~~~~~~~~~~~~~~~~^^\n  File \"/Users/klim/PycharmProjects/Sprint_9/pages/registration_page.py\", line 65, in is_url_valid\n    current_url = self.get_current_url(login_page.LOGIN_BUTTON)\n  File \"/Users/klim/PycharmProjects/Sprint_9/base/base_object.py\", line 54, in get_current_url\n    self._is_not_visible(wait_locator)\n    ~~~~~~~~~~~~~~~~~~~~^^^^^^^^^^^^^^\n  File \"/Users/klim/PycharmProjects/Sprint_9/base/base_object.py\", line 35, in _is_not_visible\n    return self.wait.until(ec.invisibility_of_element_located(locator))\n           ~~~~~~~~~~~~~~~^^^^^^^^^^^^^^^^^^^^^^^^^^^^^^^^^^^^^^^^^^^^^\n  File \"/Users/klim/PycharmProjects/Sprint_9/.venv/lib/python3.13/site-packages/selenium/webdriver/support/wait.py\", line 105, in until\n    raise TimeoutException(message, screen, stacktrace)\n"}, "start": 1765747123983, "stop": 1765747129053}], "attachments": [{"name": "test_data", "source": "dd61c327-7523-499f-a650-aa5405afb858-attachment.txt", "type": "text/plain"}, {"name": "stdout", "source": "77e3ba17-01eb-46e4-b1af-f2f28aaccd85-attachment.txt", "type": "text/plain"}], "start": 1765747123008, "stop": 1765747129058, "uuid": "b297b4d7-73f4-4913-90b8-3b55c3aae02d", "historyId": "5312e5046e06582991f0e433d6e6aafb", "testCaseId": "5312e5046e06582991f0e433d6e6aafb", "fullName": "tests.test_registration.TestUserRegistration#test_create_account", "labels": [{"name": "story", "value": "User Registration"}, {"name": "feature", "value": "Authentication"}, {"name": "parentSuite", "value": "tests"}, {"name": "suite", "value": "test_registration"}, {"name": "subSuite", "value": "TestUserRegistration"}, {"name": "host", "value": "MacBook-Air-2.local"}, {"name": "thread", "value": "29009-MainThread"}, {"name": "framework", "value": "pytest"}, {"name": "language", "value": "cpython3"}, {"name": "package", "value": "tests.test_registration"}]}