{"name": "Авторизация с корректными данными", "status": "broken", "statusDetails": {"message": "selenium.common.exceptions.TimeoutException: Message: \nStacktrace:\n0   chromedriver                        0x0000000104f4ad7c cxxbridge1$str$ptr + 3028012\n1   chromedriver                        0x0000000104f42c3c cxxbridge1$str$ptr + 2994924\n2   chromedriver                        0x0000000104a3eb1c _RNvCsgXDX2mvAJAg_7___rustc35___rust_no_alloc_shim_is_unstable_v2 + 74196\n3   chromedriver                        0x0000000104a859d8 _RNvCsgXDX2mvAJAg_7___rustc35___rust_no_alloc_shim_is_unstable_v2 + 364688\n4   chromedriver                        0x0000000104ac6978 _RNvCsgXDX2mvAJAg_7___rustc35___rust_no_alloc_shim_is_unstable_v2 + 630832\n5   chromedriver                        0x0000000104a7a17c _RNvCsgXDX2mvAJAg_7___rustc35___rust_no_alloc_shim_is_unstable_v2 + 317492\n6   chromedriver                        0x0000000104f0f2cc cxxbridge1$str$ptr + 2783612\n7   chromedriver                        0x0000000104f12a30 cxxbridge1$str$ptr + 2797792\n8   chromedriver                        0x0000000104eef560 cxxbridge1$str$ptr + 2653200\n9   chromedriver                        0x0000000104f132a0 cxxbridge1$str$ptr + 2799952\n10  chromedriver                        0x0000000104edff30 cxxbridge1$str$ptr + 2590176\n11  chromedriver                        0x0000000104f321b8 cxxbridge1$str$ptr + 2926696\n12  chromedriver                        0x0000000104f32338 cxxbridge1$str$ptr + 2927080\n13  chromedriver                        0x0000000104f42894 cxxbridge1$str$ptr + 2993988\n14  libsystem_pthread.dylib             0x000000019b641c08 _pthread_start + 136\n15  libsystem_pthread.dylib             0x000000019b63cba8 thread_start + 8", "trace": "self = <tests.test_login.TestUserLogin object at 0x106e0ec10>\ndriver = <selenium.webdriver.chrome.webdriver.WebDriver (session=\"bd2e25ac6d74a78425815cdcad3ce566\")>\nbase_url = 'https://foodgram-frontend-1.prakticum-team.ru'\n\n    @allure.title(\"Авторизация с корректными данными\")\n    @allure.description(\"\"\"\n    Тестовый сценарий:\n    1. Нажать кнопку «Войти»\n    2. Заполнить все поля формы авторизации\n    3. Нажать кнопку «Войти»\n    4. Проверить:\n       - Произошёл ли переход на главную страницу\n       - Отображается ли кнопка «Выход»\n    \"\"\")\n    def test_login(self, driver: WebDriver, base_url: str):\n        \"\"\"Тест авторизации пользователя\"\"\"\n        # Тестовые данные\n        test_username = \"Test_USer\"\n        test_password = \"Test1234!\"\n    \n        # Прикрепить данные к отчёту Allure\n        allure.attach(\n            f\"Username: {test_username}\",\n            name=\"test_data\",\n            attachment_type=allure.attachment_type.TEXT\n        )\n    \n        # Шаг 1: Открыть главную страницу\n        with allure.step(\"Открыть главную страницу\"):\n            driver.get(base_url)\n    \n        # Шаг 2: Нажать кнопку «Войти»\n        with allure.step(\"Нажать кнопку 'Войти'\"):\n            home_page = HomePage(driver)\n            home_page.click_login_link()\n    \n        # Шаг 3: Заполнить все поля формы авторизации\n        with allure.step(\"Заполнить форму авторизации\"):\n            login_page = LoginPage(driver)\n>           login_page.login(\n                username=test_username,\n                password=test_password\n            )\n\ntests/test_login.py:48: \n_ _ _ _ _ _ _ _ _ _ _ _ _ _ _ _ _ _ _ _ _ _ _ _ _ _ _ _ _ _ _ _ _ _ _ _ _ _ _ _ \npages/login_page.py:40: in login\n    self.click_login_button()\npages/login_page.py:34: in click_login_button\n    self.click(self.LOGIN_BUTTON)\nbase/base_object.py:42: in click\n    element = self._is_clickable(locator) if ensure_clickable else self._is_present(locator)\nbase/base_object.py:19: in _is_clickable\n    return self.wait.until(ec.element_to_be_clickable(locator))\n_ _ _ _ _ _ _ _ _ _ _ _ _ _ _ _ _ _ _ _ _ _ _ _ _ _ _ _ _ _ _ _ _ _ _ _ _ _ _ _ \n\nself = <selenium.webdriver.support.wait.WebDriverWait (session=\"bd2e25ac6d74a78425815cdcad3ce566\")>\nmethod = <function element_to_be_clickable.<locals>._predicate at 0x106fa6020>\nmessage = ''\n\n    def until(self, method: Callable[[D], Union[Literal[False], T]], message: str = \"\") -> T:\n        \"\"\"Calls the method provided with the driver as an argument until the \\\n        return value does not evaluate to ``False``.\n    \n        :param method: callable(WebDriver)\n        :param message: optional message for :exc:`TimeoutException`\n        :returns: the result of the last call to `method`\n        :raises: :exc:`selenium.common.exceptions.TimeoutException` if timeout occurs\n        \"\"\"\n        screen = None\n        stacktrace = None\n    \n        end_time = time.monotonic() + self._timeout\n        while True:\n            try:\n                value = method(self._driver)\n                if value:\n                    return value\n            except self._ignored_exceptions as exc:\n                screen = getattr(exc, \"screen\", None)\n                stacktrace = getattr(exc, \"stacktrace\", None)\n            time.sleep(self._poll)\n            if time.monotonic() > end_time:\n                break\n>       raise TimeoutException(message, screen, stacktrace)\nE       selenium.common.exceptions.TimeoutException: Message: \nE       Stacktrace:\nE       0   chromedriver                        0x0000000104f4ad7c cxxbridge1$str$ptr + 3028012\nE       1   chromedriver                        0x0000000104f42c3c cxxbridge1$str$ptr + 2994924\nE       2   chromedriver                        0x0000000104a3eb1c _RNvCsgXDX2mvAJAg_7___rustc35___rust_no_alloc_shim_is_unstable_v2 + 74196\nE       3   chromedriver                        0x0000000104a859d8 _RNvCsgXDX2mvAJAg_7___rustc35___rust_no_alloc_shim_is_unstable_v2 + 364688\nE       4   chromedriver                        0x0000000104ac6978 _RNvCsgXDX2mvAJAg_7___rustc35___rust_no_alloc_shim_is_unstable_v2 + 630832\nE       5   chromedriver                        0x0000000104a7a17c _RNvCsgXDX2mvAJAg_7___rustc35___rust_no_alloc_shim_is_unstable_v2 + 317492\nE       6   chromedriver                        0x0000000104f0f2cc cxxbridge1$str$ptr + 2783612\nE       7   chromedriver                        0x0000000104f12a30 cxxbridge1$str$ptr + 2797792\nE       8   chromedriver                        0x0000000104eef560 cxxbridge1$str$ptr + 2653200\nE       9   chromedriver                        0x0000000104f132a0 cxxbridge1$str$ptr + 2799952\nE       10  chromedriver                        0x0000000104edff30 cxxbridge1$str$ptr + 2590176\nE       11  chromedriver                        0x0000000104f321b8 cxxbridge1$str$ptr + 2926696\nE       12  chromedriver                        0x0000000104f32338 cxxbridge1$str$ptr + 2927080\nE       13  chromedriver                        0x0000000104f42894 cxxbridge1$str$ptr + 2993988\nE       14  libsystem_pthread.dylib             0x000000019b641c08 _pthread_start + 136\nE       15  libsystem_pthread.dylib             0x000000019b63cba8 thread_start + 8\n\n.venv/lib/python3.13/site-packages/selenium/webdriver/support/wait.py:105: TimeoutException"}, "description": "\n    Тестовый сценарий:\n    1. Нажать кнопку «Войти»\n    2. Заполнить все поля формы авторизации\n    3. Нажать кнопку «Войти»\n    4. Проверить:\n       - Произошёл ли переход на главную страницу\n       - Отображается ли кнопка «Выход»\n    ", "steps": [{"name": "Открыть главную страницу", "status": "passed", "start": 1765724120437, "stop": 1765724121151}, {"name": "Нажать кнопку 'Войти'", "status": "passed", "start": 1765724121151, "stop": 1765724121231}, {"name": "Заполнить форму авторизации", "status": "broken", "statusDetails": {"message": "selenium.common.exceptions.TimeoutException: Message: \nStacktrace:\n0   chromedriver                        0x0000000104f4ad7c cxxbridge1$str$ptr + 3028012\n1   chromedriver                        0x0000000104f42c3c cxxbridge1$str$ptr + 2994924\n2   chromedriver                        0x0000000104a3eb1c _RNvCsgXDX2mvAJAg_7___rustc35___rust_no_alloc_shim_is_unstable_v2 + 74196\n3   chromedriver                        0x0000000104a859d8 _RNvCsgXDX2mvAJAg_7___rustc35___rust_no_alloc_shim_is_unstable_v2 + 364688\n4   chromedriver                        0x0000000104ac6978 _RNvCsgXDX2mvAJAg_7___rustc35___rust_no_alloc_shim_is_unstable_v2 + 630832\n5   chromedriver                        0x0000000104a7a17c _RNvCsgXDX2mvAJAg_7___rustc35___rust_no_alloc_shim_is_unstable_v2 + 317492\n6   chromedriver                        0x0000000104f0f2cc cxxbridge1$str$ptr + 2783612\n7   chromedriver                        0x0000000104f12a30 cxxbridge1$str$ptr + 2797792\n8   chromedriver                        0x0000000104eef560 cxxbridge1$str$ptr + 2653200\n9   chromedriver                        0x0000000104f132a0 cxxbridge1$str$ptr + 2799952\n10  chromedriver                        0x0000000104edff30 cxxbridge1$str$ptr + 2590176\n11  chromedriver                        0x0000000104f321b8 cxxbridge1$str$ptr + 2926696\n12  chromedriver                        0x0000000104f32338 cxxbridge1$str$ptr + 2927080\n13  chromedriver                        0x0000000104f42894 cxxbridge1$str$ptr + 2993988\n14  libsystem_pthread.dylib             0x000000019b641c08 _pthread_start + 136\n15  libsystem_pthread.dylib             0x000000019b63cba8 thread_start + 8\n\n", "trace": "  File \"/Users/klim/PycharmProjects/Sprint_9/tests/test_login.py\", line 48, in test_login\n    login_page.login(\n    ~~~~~~~~~~~~~~~~^\n        username=test_username,\n        ^^^^^^^^^^^^^^^^^^^^^^^\n        password=test_password\n        ^^^^^^^^^^^^^^^^^^^^^^\n    )\n    ^\n  File \"/Users/klim/PycharmProjects/Sprint_9/pages/login_page.py\", line 40, in login\n    self.click_login_button()\n    ~~~~~~~~~~~~~~~~~~~~~~~^^\n  File \"/Users/klim/PycharmProjects/Sprint_9/pages/login_page.py\", line 34, in click_login_button\n    self.click(self.LOGIN_BUTTON)\n    ~~~~~~~~~~^^^^^^^^^^^^^^^^^^^\n  File \"/Users/klim/PycharmProjects/Sprint_9/base/base_object.py\", line 42, in click\n    element = self._is_clickable(locator) if ensure_clickable else self._is_present(locator)\n              ~~~~~~~~~~~~~~~~~~^^^^^^^^^\n  File \"/Users/klim/PycharmProjects/Sprint_9/base/base_object.py\", line 19, in _is_clickable\n    return self.wait.until(ec.element_to_be_clickable(locator))\n           ~~~~~~~~~~~~~~~^^^^^^^^^^^^^^^^^^^^^^^^^^^^^^^^^^^^^\n  File \"/Users/klim/PycharmProjects/Sprint_9/.venv/lib/python3.13/site-packages/selenium/webdriver/support/wait.py\", line 105, in until\n    raise TimeoutException(message, screen, stacktrace)\n"}, "start": 1765724121231, "stop": 1765724126844}], "attachments": [{"name": "test_data", "source": "daa450b4-4902-4a34-9fdf-4752952b7b5f-attachment.txt", "type": "text/plain"}, {"name": "stdout", "source": "bca65150-b7b5-412e-a660-3c1d668ba6fd-attachment.txt", "type": "text/plain"}], "start": 1765724120436, "stop": 1765724126850, "uuid": "3ec7b173-1a35-4ce0-8a4a-acdee0fbb147", "historyId": "9bc385569f03feae520e84d5f8449f23", "testCaseId": "9bc385569f03feae520e84d5f8449f23", "fullName": "tests.test_login.TestUserLogin#test_login", "labels": [{"name": "feature", "value": "Authentication"}, {"name": "story", "value": "User Login"}, {"name": "parentSuite", "value": "tests"}, {"name": "suite", "value": "test_login"}, {"name": "subSuite", "value": "TestUserLogin"}, {"name": "host", "value": "MacBook-Air-2.local"}, {"name": "thread", "value": "18139-MainThread"}, {"name": "framework", "value": "pytest"}, {"name": "language", "value": "cpython3"}, {"name": "package", "value": "tests.test_login"}]}