{"name": "Создание рецепта с корректными данными", "status": "broken", "statusDetails": {"message": "selenium.common.exceptions.TimeoutException: Message: \nStacktrace:\n0   chromedriver                        0x00000001046c2d7c cxxbridge1$str$ptr + 3028012\n1   chromedriver                        0x00000001046bac3c cxxbridge1$str$ptr + 2994924\n2   chromedriver                        0x00000001041b6b1c _RNvCsgXDX2mvAJAg_7___rustc35___rust_no_alloc_shim_is_unstable_v2 + 74196\n3   chromedriver                        0x00000001041fd9d8 _RNvCsgXDX2mvAJAg_7___rustc35___rust_no_alloc_shim_is_unstable_v2 + 364688\n4   chromedriver                        0x000000010423e978 _RNvCsgXDX2mvAJAg_7___rustc35___rust_no_alloc_shim_is_unstable_v2 + 630832\n5   chromedriver                        0x00000001041f217c _RNvCsgXDX2mvAJAg_7___rustc35___rust_no_alloc_shim_is_unstable_v2 + 317492\n6   chromedriver                        0x00000001046872cc cxxbridge1$str$ptr + 2783612\n7   chromedriver                        0x000000010468aa30 cxxbridge1$str$ptr + 2797792\n8   chromedriver                        0x0000000104667560 cxxbridge1$str$ptr + 2653200\n9   chromedriver                        0x000000010468b2a0 cxxbridge1$str$ptr + 2799952\n10  chromedriver                        0x0000000104657f30 cxxbridge1$str$ptr + 2590176\n11  chromedriver                        0x00000001046aa1b8 cxxbridge1$str$ptr + 2926696\n12  chromedriver                        0x00000001046aa338 cxxbridge1$str$ptr + 2927080\n13  chromedriver                        0x00000001046ba894 cxxbridge1$str$ptr + 2993988\n14  libsystem_pthread.dylib             0x000000019b641c08 _pthread_start + 136\n15  libsystem_pthread.dylib             0x000000019b63cba8 thread_start + 8", "trace": "self = <tests.test_recipe_creation.TestRecipeCreation object at 0x10b99bc50>\ndriver = <selenium.webdriver.chrome.webdriver.WebDriver (session=\"dae8795165ea95a2dcff156c4effd601\")>\nbase_url = 'https://foodgram-frontend-1.prakticum-team.ru'\n\n    @allure.title(\"Создание рецепта с корректными данными\")\n    @allure.description(\"\"\"\n    Тестовый сценарий:\n    1. Авторизоваться\n    2. Перейти на таб «Создать рецепт»\n    3. Заполнить все поля формы создания рецепта:\n       - Название\n       - Описание\n       - Время приготовления\n       - Ингредиент (выбрать из списка автодополнения)\n       - Количество ингредиента\n    4. Нажать кнопку «Создать рецепт»\n    5. Проверить:\n       - Отображается ли карточка созданного рецепта\n       - Отображается ли название, которое заполняли при создании\n    \"\"\")\n    def test_create_recipe(self, driver: WebDriver, base_url: str):\n        \"\"\"Тест создания нового рецепта\"\"\"\n        # Тестовые данные\n        test_username = \"Test_USer\"\n        test_password = \"Test1234!\"\n        recipe_name = \"Тестовый рецепт\"\n        recipe_description = \"Это тестовое описание рецепта\"\n        cooking_time = \"30\"\n        ingredient_name = \"масло авокадо\"\n        ingredient_quantity = \"100\"\n    \n        # Прикрепить данные к отчёту Allure\n        allure.attach(\n            f\"Recipe Name: {recipe_name}\\n\"\n            f\"Ingredient: {ingredient_name}\\n\"\n            f\"Quantity: {ingredient_quantity}\\n\"\n            f\"Cooking Time: {cooking_time}\",\n            name=\"test_data\",\n            attachment_type=allure.attachment_type.TEXT\n        )\n    \n        # Шаг 1: Открыть главную страницу\n        with allure.step(\"Открыть главную страницу\"):\n            driver.get(base_url)\n    \n        # Шаг 2: Авторизоваться\n        with allure.step(\"Авторизоваться\"):\n            home_page = HomePage(driver)\n            home_page.click_login_link()\n    \n            login_page = LoginPage(driver)\n            login_page.login(\n                username=test_username,\n                password=test_password\n            )\n    \n        # Шаг 3: Перейти на таб «Создать рецепт»\n        with allure.step(\"Перейти на таб 'Создать рецепт'\"):\n            home_page = HomePage(driver)\n            home_page.click_create_recipe_tab()\n    \n        # Шаг 4: Заполнить форму создания рецепта\n        with allure.step(\"Заполнить форму создания рецепта\"):\n            recipe_page = RecipePage(driver)\n>           recipe_page.create_recipe(\n                name=recipe_name,\n                description=recipe_description,\n                cooking_time=cooking_time,\n                ingredient_name=ingredient_name,\n                ingredient_quantity=ingredient_quantity,\n                file_path = \"./assets/test_image.txt\"\n            )\n\ntests/test_recipe_creation.py:74: \n_ _ _ _ _ _ _ _ _ _ _ _ _ _ _ _ _ _ _ _ _ _ _ _ _ _ _ _ _ _ _ _ _ _ _ _ _ _ _ _ \npages/recipe_page.py:124: in create_recipe\n    self.submit_recipe()\npages/recipe_page.py:92: in submit_recipe\n    self.click(self.SUBMIT_BUTTON)\nbase/base_object.py:42: in click\n    element = self._is_clickable(locator) if ensure_clickable else self._is_present(locator)\nbase/base_object.py:19: in _is_clickable\n    return self.wait.until(ec.element_to_be_clickable(locator))\n_ _ _ _ _ _ _ _ _ _ _ _ _ _ _ _ _ _ _ _ _ _ _ _ _ _ _ _ _ _ _ _ _ _ _ _ _ _ _ _ \n\nself = <selenium.webdriver.support.wait.WebDriverWait (session=\"dae8795165ea95a2dcff156c4effd601\")>\nmethod = <function element_to_be_clickable.<locals>._predicate at 0x10ba21800>\nmessage = ''\n\n    def until(self, method: Callable[[D], Union[Literal[False], T]], message: str = \"\") -> T:\n        \"\"\"Calls the method provided with the driver as an argument until the \\\n        return value does not evaluate to ``False``.\n    \n        :param method: callable(WebDriver)\n        :param message: optional message for :exc:`TimeoutException`\n        :returns: the result of the last call to `method`\n        :raises: :exc:`selenium.common.exceptions.TimeoutException` if timeout occurs\n        \"\"\"\n        screen = None\n        stacktrace = None\n    \n        end_time = time.monotonic() + self._timeout\n        while True:\n            try:\n                value = method(self._driver)\n                if value:\n                    return value\n            except self._ignored_exceptions as exc:\n                screen = getattr(exc, \"screen\", None)\n                stacktrace = getattr(exc, \"stacktrace\", None)\n            time.sleep(self._poll)\n            if time.monotonic() > end_time:\n                break\n>       raise TimeoutException(message, screen, stacktrace)\nE       selenium.common.exceptions.TimeoutException: Message: \nE       Stacktrace:\nE       0   chromedriver                        0x00000001046c2d7c cxxbridge1$str$ptr + 3028012\nE       1   chromedriver                        0x00000001046bac3c cxxbridge1$str$ptr + 2994924\nE       2   chromedriver                        0x00000001041b6b1c _RNvCsgXDX2mvAJAg_7___rustc35___rust_no_alloc_shim_is_unstable_v2 + 74196\nE       3   chromedriver                        0x00000001041fd9d8 _RNvCsgXDX2mvAJAg_7___rustc35___rust_no_alloc_shim_is_unstable_v2 + 364688\nE       4   chromedriver                        0x000000010423e978 _RNvCsgXDX2mvAJAg_7___rustc35___rust_no_alloc_shim_is_unstable_v2 + 630832\nE       5   chromedriver                        0x00000001041f217c _RNvCsgXDX2mvAJAg_7___rustc35___rust_no_alloc_shim_is_unstable_v2 + 317492\nE       6   chromedriver                        0x00000001046872cc cxxbridge1$str$ptr + 2783612\nE       7   chromedriver                        0x000000010468aa30 cxxbridge1$str$ptr + 2797792\nE       8   chromedriver                        0x0000000104667560 cxxbridge1$str$ptr + 2653200\nE       9   chromedriver                        0x000000010468b2a0 cxxbridge1$str$ptr + 2799952\nE       10  chromedriver                        0x0000000104657f30 cxxbridge1$str$ptr + 2590176\nE       11  chromedriver                        0x00000001046aa1b8 cxxbridge1$str$ptr + 2926696\nE       12  chromedriver                        0x00000001046aa338 cxxbridge1$str$ptr + 2927080\nE       13  chromedriver                        0x00000001046ba894 cxxbridge1$str$ptr + 2993988\nE       14  libsystem_pthread.dylib             0x000000019b641c08 _pthread_start + 136\nE       15  libsystem_pthread.dylib             0x000000019b63cba8 thread_start + 8\n\n.venv/lib/python3.13/site-packages/selenium/webdriver/support/wait.py:105: TimeoutException"}, "description": "\n    Тестовый сценарий:\n    1. Авторизоваться\n    2. Перейти на таб «Создать рецепт»\n    3. Заполнить все поля формы создания рецепта:\n       - Название\n       - Описание\n       - Время приготовления\n       - Ингредиент (выбрать из списка автодополнения)\n       - Количество ингредиента\n    4. Нажать кнопку «Создать рецепт»\n    5. Проверить:\n       - Отображается ли карточка созданного рецепта\n       - Отображается ли название, которое заполняли при создании\n    ", "steps": [{"name": "Открыть главную страницу", "status": "passed", "start": 1765745136805, "stop": 1765745137525}, {"name": "Авторизоваться", "status": "passed", "start": 1765745137525, "stop": 1765745137727}, {"name": "Перейти на таб 'Создать рецепт'", "status": "passed", "start": 1765745137727, "stop": 1765745138343}, {"name": "Заполнить форму создания рецепта", "status": "broken", "statusDetails": {"message": "selenium.common.exceptions.TimeoutException: Message: \nStacktrace:\n0   chromedriver                        0x00000001046c2d7c cxxbridge1$str$ptr + 3028012\n1   chromedriver                        0x00000001046bac3c cxxbridge1$str$ptr + 2994924\n2   chromedriver                        0x00000001041b6b1c _RNvCsgXDX2mvAJAg_7___rustc35___rust_no_alloc_shim_is_unstable_v2 + 74196\n3   chromedriver                        0x00000001041fd9d8 _RNvCsgXDX2mvAJAg_7___rustc35___rust_no_alloc_shim_is_unstable_v2 + 364688\n4   chromedriver                        0x000000010423e978 _RNvCsgXDX2mvAJAg_7___rustc35___rust_no_alloc_shim_is_unstable_v2 + 630832\n5   chromedriver                        0x00000001041f217c _RNvCsgXDX2mvAJAg_7___rustc35___rust_no_alloc_shim_is_unstable_v2 + 317492\n6   chromedriver                        0x00000001046872cc cxxbridge1$str$ptr + 2783612\n7   chromedriver                        0x000000010468aa30 cxxbridge1$str$ptr + 2797792\n8   chromedriver                        0x0000000104667560 cxxbridge1$str$ptr + 2653200\n9   chromedriver                        0x000000010468b2a0 cxxbridge1$str$ptr + 2799952\n10  chromedriver                        0x0000000104657f30 cxxbridge1$str$ptr + 2590176\n11  chromedriver                        0x00000001046aa1b8 cxxbridge1$str$ptr + 2926696\n12  chromedriver                        0x00000001046aa338 cxxbridge1$str$ptr + 2927080\n13  chromedriver                        0x00000001046ba894 cxxbridge1$str$ptr + 2993988\n14  libsystem_pthread.dylib             0x000000019b641c08 _pthread_start + 136\n15  libsystem_pthread.dylib             0x000000019b63cba8 thread_start + 8\n\n", "trace": "  File \"/Users/klim/PycharmProjects/Sprint_9/tests/test_recipe_creation.py\", line 74, in test_create_recipe\n    recipe_page.create_recipe(\n    ~~~~~~~~~~~~~~~~~~~~~~~~~^\n        name=recipe_name,\n        ^^^^^^^^^^^^^^^^^\n    ...<4 lines>...\n        file_path = \"./assets/test_image.txt\"\n        ^^^^^^^^^^^^^^^^^^^^^^^^^^^^^^^^^^^^^\n    )\n    ^\n  File \"/Users/klim/PycharmProjects/Sprint_9/pages/recipe_page.py\", line 124, in create_recipe\n    self.submit_recipe()\n    ~~~~~~~~~~~~~~~~~~^^\n  File \"/Users/klim/PycharmProjects/Sprint_9/pages/recipe_page.py\", line 92, in submit_recipe\n    self.click(self.SUBMIT_BUTTON)\n    ~~~~~~~~~~^^^^^^^^^^^^^^^^^^^^\n  File \"/Users/klim/PycharmProjects/Sprint_9/base/base_object.py\", line 42, in click\n    element = self._is_clickable(locator) if ensure_clickable else self._is_present(locator)\n              ~~~~~~~~~~~~~~~~~~^^^^^^^^^\n  File \"/Users/klim/PycharmProjects/Sprint_9/base/base_object.py\", line 19, in _is_clickable\n    return self.wait.until(ec.element_to_be_clickable(locator))\n           ~~~~~~~~~~~~~~~^^^^^^^^^^^^^^^^^^^^^^^^^^^^^^^^^^^^^\n  File \"/Users/klim/PycharmProjects/Sprint_9/.venv/lib/python3.13/site-packages/selenium/webdriver/support/wait.py\", line 105, in until\n    raise TimeoutException(message, screen, stacktrace)\n"}, "start": 1765745138343, "stop": 1765745150791}], "attachments": [{"name": "test_data", "source": "f1617c84-7e49-4fdc-a069-3486250a819f-attachment.txt", "type": "text/plain"}, {"name": "stdout", "source": "dfcc2b01-e4cc-4076-a0b8-f03dd41edff2-attachment.txt", "type": "text/plain"}], "start": 1765745136804, "stop": 1765745150793, "uuid": "5f9d1136-2841-46fe-824e-57214da988dd", "historyId": "f961720726e4f87e9351284a25467d89", "testCaseId": "f961720726e4f87e9351284a25467d89", "fullName": "tests.test_recipe_creation.TestRecipeCreation#test_create_recipe", "labels": [{"name": "feature", "value": "Recipe Management"}, {"name": "story", "value": "Recipe Creation"}, {"name": "parentSuite", "value": "tests"}, {"name": "suite", "value": "test_recipe_creation"}, {"name": "subSuite", "value": "TestRecipeCreation"}, {"name": "host", "value": "MacBook-Air-2.local"}, {"name": "thread", "value": "27099-MainThread"}, {"name": "framework", "value": "pytest"}, {"name": "language", "value": "cpython3"}, {"name": "package", "value": "tests.test_recipe_creation"}]}