{"name": "Авторизация с корректными данными", "status": "broken", "statusDetails": {"message": "selenium.common.exceptions.TimeoutException: Message: \nStacktrace:\n0   chromedriver                        0x000000010100ed7c cxxbridge1$str$ptr + 3028012\n1   chromedriver                        0x0000000101006c3c cxxbridge1$str$ptr + 2994924\n2   chromedriver                        0x0000000100b02b1c _RNvCsgXDX2mvAJAg_7___rustc35___rust_no_alloc_shim_is_unstable_v2 + 74196\n3   chromedriver                        0x0000000100b499d8 _RNvCsgXDX2mvAJAg_7___rustc35___rust_no_alloc_shim_is_unstable_v2 + 364688\n4   chromedriver                        0x0000000100b8a978 _RNvCsgXDX2mvAJAg_7___rustc35___rust_no_alloc_shim_is_unstable_v2 + 630832\n5   chromedriver                        0x0000000100b3e17c _RNvCsgXDX2mvAJAg_7___rustc35___rust_no_alloc_shim_is_unstable_v2 + 317492\n6   chromedriver                        0x0000000100fd32cc cxxbridge1$str$ptr + 2783612\n7   chromedriver                        0x0000000100fd6a30 cxxbridge1$str$ptr + 2797792\n8   chromedriver                        0x0000000100fb3560 cxxbridge1$str$ptr + 2653200\n9   chromedriver                        0x0000000100fd72a0 cxxbridge1$str$ptr + 2799952\n10  chromedriver                        0x0000000100fa3f30 cxxbridge1$str$ptr + 2590176\n11  chromedriver                        0x0000000100ff61b8 cxxbridge1$str$ptr + 2926696\n12  chromedriver                        0x0000000100ff6338 cxxbridge1$str$ptr + 2927080\n13  chromedriver                        0x0000000101006894 cxxbridge1$str$ptr + 2993988\n14  libsystem_pthread.dylib             0x000000019b641c08 _pthread_start + 136\n15  libsystem_pthread.dylib             0x000000019b63cba8 thread_start + 8", "trace": "self = <tests.test_login.TestUserLogin object at 0x108bd2c10>\ndriver = <selenium.webdriver.chrome.webdriver.WebDriver (session=\"80826b0bd19fee2243e3671a522a8a60\")>\nbase_url = 'https://foodgram-frontend-1.prakticum-team.ru'\n\n    @allure.title(\"Авторизация с корректными данными\")\n    @allure.description(\"\"\"\n    Тестовый сценарий:\n    1. Нажать кнопку «Войти»\n    2. Заполнить все поля формы авторизации\n    3. Нажать кнопку «Войти»\n    4. Проверить:\n       - Произошёл ли переход на главную страницу\n       - Отображается ли кнопка «Выход»\n    \"\"\")\n    def test_login(self, driver: WebDriver, base_url: str):\n        \"\"\"Тест авторизации пользователя\"\"\"\n        # Тестовые данные\n        test_username = \"Test_USer\"\n        test_password = \"Test1234!\"\n    \n        # Прикрепить данные к отчёту Allure\n        allure.attach(\n            f\"Username: {test_username}\",\n            name=\"test_data\",\n            attachment_type=allure.attachment_type.TEXT\n        )\n    \n        # Шаг 1: Открыть главную страницу\n        with allure.step(\"Открыть главную страницу\"):\n            driver.get(base_url)\n    \n        # Шаг 2: Нажать кнопку «Войти»\n        with allure.step(\"Нажать кнопку 'Войти'\"):\n            home_page = HomePage(driver)\n            home_page.click_login_link()\n    \n        # Шаг 3: Заполнить все поля формы авторизации\n        with allure.step(\"Заполнить форму авторизации\"):\n            login_page = LoginPage(driver)\n>           login_page.login(\n                username=test_username,\n                password=test_password\n            )\n\ntests/test_login.py:48: \n_ _ _ _ _ _ _ _ _ _ _ _ _ _ _ _ _ _ _ _ _ _ _ _ _ _ _ _ _ _ _ _ _ _ _ _ _ _ _ _ \npages/login_page.py:39: in login\n    self.fill_password(password)\npages/login_page.py:30: in fill_password\n    self.send_keys(self.PASSWORD_INPUT, password)\nbase/base_object.py:49: in send_keys\n    element = self._is_visible(locator) if ensure_visible else self._is_present(locator)\nbase/base_object.py:16: in _is_visible\n    return self.wait.until(ec.visibility_of_element_located(locator))\n_ _ _ _ _ _ _ _ _ _ _ _ _ _ _ _ _ _ _ _ _ _ _ _ _ _ _ _ _ _ _ _ _ _ _ _ _ _ _ _ \n\nself = <selenium.webdriver.support.wait.WebDriverWait (session=\"80826b0bd19fee2243e3671a522a8a60\")>\nmethod = <function visibility_of_element_located.<locals>._predicate at 0x108d6a0c0>\nmessage = ''\n\n    def until(self, method: Callable[[D], Union[Literal[False], T]], message: str = \"\") -> T:\n        \"\"\"Calls the method provided with the driver as an argument until the \\\n        return value does not evaluate to ``False``.\n    \n        :param method: callable(WebDriver)\n        :param message: optional message for :exc:`TimeoutException`\n        :returns: the result of the last call to `method`\n        :raises: :exc:`selenium.common.exceptions.TimeoutException` if timeout occurs\n        \"\"\"\n        screen = None\n        stacktrace = None\n    \n        end_time = time.monotonic() + self._timeout\n        while True:\n            try:\n                value = method(self._driver)\n                if value:\n                    return value\n            except self._ignored_exceptions as exc:\n                screen = getattr(exc, \"screen\", None)\n                stacktrace = getattr(exc, \"stacktrace\", None)\n            time.sleep(self._poll)\n            if time.monotonic() > end_time:\n                break\n>       raise TimeoutException(message, screen, stacktrace)\nE       selenium.common.exceptions.TimeoutException: Message: \nE       Stacktrace:\nE       0   chromedriver                        0x000000010100ed7c cxxbridge1$str$ptr + 3028012\nE       1   chromedriver                        0x0000000101006c3c cxxbridge1$str$ptr + 2994924\nE       2   chromedriver                        0x0000000100b02b1c _RNvCsgXDX2mvAJAg_7___rustc35___rust_no_alloc_shim_is_unstable_v2 + 74196\nE       3   chromedriver                        0x0000000100b499d8 _RNvCsgXDX2mvAJAg_7___rustc35___rust_no_alloc_shim_is_unstable_v2 + 364688\nE       4   chromedriver                        0x0000000100b8a978 _RNvCsgXDX2mvAJAg_7___rustc35___rust_no_alloc_shim_is_unstable_v2 + 630832\nE       5   chromedriver                        0x0000000100b3e17c _RNvCsgXDX2mvAJAg_7___rustc35___rust_no_alloc_shim_is_unstable_v2 + 317492\nE       6   chromedriver                        0x0000000100fd32cc cxxbridge1$str$ptr + 2783612\nE       7   chromedriver                        0x0000000100fd6a30 cxxbridge1$str$ptr + 2797792\nE       8   chromedriver                        0x0000000100fb3560 cxxbridge1$str$ptr + 2653200\nE       9   chromedriver                        0x0000000100fd72a0 cxxbridge1$str$ptr + 2799952\nE       10  chromedriver                        0x0000000100fa3f30 cxxbridge1$str$ptr + 2590176\nE       11  chromedriver                        0x0000000100ff61b8 cxxbridge1$str$ptr + 2926696\nE       12  chromedriver                        0x0000000100ff6338 cxxbridge1$str$ptr + 2927080\nE       13  chromedriver                        0x0000000101006894 cxxbridge1$str$ptr + 2993988\nE       14  libsystem_pthread.dylib             0x000000019b641c08 _pthread_start + 136\nE       15  libsystem_pthread.dylib             0x000000019b63cba8 thread_start + 8\n\n.venv/lib/python3.13/site-packages/selenium/webdriver/support/wait.py:105: TimeoutException"}, "description": "\n    Тестовый сценарий:\n    1. Нажать кнопку «Войти»\n    2. Заполнить все поля формы авторизации\n    3. Нажать кнопку «Войти»\n    4. Проверить:\n       - Произошёл ли переход на главную страницу\n       - Отображается ли кнопка «Выход»\n    ", "steps": [{"name": "Открыть главную страницу", "status": "passed", "start": 1765723923105, "stop": 1765723923795}, {"name": "Нажать кнопку 'Войти'", "status": "passed", "start": 1765723923795, "stop": 1765723923845}, {"name": "Заполнить форму авторизации", "status": "broken", "statusDetails": {"message": "selenium.common.exceptions.TimeoutException: Message: \nStacktrace:\n0   chromedriver                        0x000000010100ed7c cxxbridge1$str$ptr + 3028012\n1   chromedriver                        0x0000000101006c3c cxxbridge1$str$ptr + 2994924\n2   chromedriver                        0x0000000100b02b1c _RNvCsgXDX2mvAJAg_7___rustc35___rust_no_alloc_shim_is_unstable_v2 + 74196\n3   chromedriver                        0x0000000100b499d8 _RNvCsgXDX2mvAJAg_7___rustc35___rust_no_alloc_shim_is_unstable_v2 + 364688\n4   chromedriver                        0x0000000100b8a978 _RNvCsgXDX2mvAJAg_7___rustc35___rust_no_alloc_shim_is_unstable_v2 + 630832\n5   chromedriver                        0x0000000100b3e17c _RNvCsgXDX2mvAJAg_7___rustc35___rust_no_alloc_shim_is_unstable_v2 + 317492\n6   chromedriver                        0x0000000100fd32cc cxxbridge1$str$ptr + 2783612\n7   chromedriver                        0x0000000100fd6a30 cxxbridge1$str$ptr + 2797792\n8   chromedriver                        0x0000000100fb3560 cxxbridge1$str$ptr + 2653200\n9   chromedriver                        0x0000000100fd72a0 cxxbridge1$str$ptr + 2799952\n10  chromedriver                        0x0000000100fa3f30 cxxbridge1$str$ptr + 2590176\n11  chromedriver                        0x0000000100ff61b8 cxxbridge1$str$ptr + 2926696\n12  chromedriver                        0x0000000100ff6338 cxxbridge1$str$ptr + 2927080\n13  chromedriver                        0x0000000101006894 cxxbridge1$str$ptr + 2993988\n14  libsystem_pthread.dylib             0x000000019b641c08 _pthread_start + 136\n15  libsystem_pthread.dylib             0x000000019b63cba8 thread_start + 8\n\n", "trace": "  File \"/Users/klim/PycharmProjects/Sprint_9/tests/test_login.py\", line 48, in test_login\n    login_page.login(\n    ~~~~~~~~~~~~~~~~^\n        username=test_username,\n        ^^^^^^^^^^^^^^^^^^^^^^^\n        password=test_password\n        ^^^^^^^^^^^^^^^^^^^^^^\n    )\n    ^\n  File \"/Users/klim/PycharmProjects/Sprint_9/pages/login_page.py\", line 39, in login\n    self.fill_password(password)\n    ~~~~~~~~~~~~~~~~~~^^^^^^^^^^\n  File \"/Users/klim/PycharmProjects/Sprint_9/pages/login_page.py\", line 30, in fill_password\n    self.send_keys(self.PASSWORD_INPUT, password)\n    ~~~~~~~~~~~~~~^^^^^^^^^^^^^^^^^^^^^^^^^^^^^^^\n  File \"/Users/klim/PycharmProjects/Sprint_9/base/base_object.py\", line 49, in send_keys\n    element = self._is_visible(locator) if ensure_visible else self._is_present(locator)\n              ~~~~~~~~~~~~~~~~^^^^^^^^^\n  File \"/Users/klim/PycharmProjects/Sprint_9/base/base_object.py\", line 16, in _is_visible\n    return self.wait.until(ec.visibility_of_element_located(locator))\n           ~~~~~~~~~~~~~~~^^^^^^^^^^^^^^^^^^^^^^^^^^^^^^^^^^^^^^^^^^^\n  File \"/Users/klim/PycharmProjects/Sprint_9/.venv/lib/python3.13/site-packages/selenium/webdriver/support/wait.py\", line 105, in until\n    raise TimeoutException(message, screen, stacktrace)\n"}, "start": 1765723923845, "stop": 1765723929521}], "attachments": [{"name": "test_data", "source": "8a0611a0-a65e-4236-94f3-8040ab8f295f-attachment.txt", "type": "text/plain"}, {"name": "stdout", "source": "c06964c4-1597-4a0e-870b-174283b8e125-attachment.txt", "type": "text/plain"}], "start": 1765723923105, "stop": 1765723929527, "uuid": "63c0c34a-bc41-46cb-ad9d-e02ed1e35684", "historyId": "9bc385569f03feae520e84d5f8449f23", "testCaseId": "9bc385569f03feae520e84d5f8449f23", "fullName": "tests.test_login.TestUserLogin#test_login", "labels": [{"name": "feature", "value": "Authentication"}, {"name": "story", "value": "User Login"}, {"name": "parentSuite", "value": "tests"}, {"name": "suite", "value": "test_login"}, {"name": "subSuite", "value": "TestUserLogin"}, {"name": "host", "value": "MacBook-Air-2.local"}, {"name": "thread", "value": "17941-MainThread"}, {"name": "framework", "value": "pytest"}, {"name": "language", "value": "cpython3"}, {"name": "package", "value": "tests.test_login"}]}