{"name": "Создание аккаунта с корректными данными", "status": "broken", "statusDetails": {"message": "selenium.common.exceptions.TimeoutException: Message:", "trace": "self = <tests.test_registration.TestUserRegistration object at 0x10bbbbc50>\ndriver = <selenium.webdriver.chrome.webdriver.WebDriver (session=\"9c688044a9dc78c3ffd9e20d3bd58022\")>\nbase_url = 'https://foodgram-frontend-1.prakticum-team.ru'\n\n    @allure.title(\"Создание аккаунта с корректными данными\")\n    @allure.description(\"\"\"\n    Тестовый сценарий:\n    1. Нажать кнопку «Создать аккаунт»\n    2. Заполнить все поля формы регистрации\n    3. Нажать кнопку «Создать аккаунт»\n    4. Проверить:\n       - Произошёл ли переход на страницу авторизации\n       - Отображается ли форма авторизации\n    \"\"\")\n    def test_create_account(self, driver: WebDriver, base_url: str):\n        \"\"\"Тест создания нового аккаунта\"\"\"\n        # Тестовые данные\n        test_email = \"testuser@example.com\"\n        test_username = \"testuser\"\n        test_first_name = \"Test\"\n        test_last_name = \"User\"\n        test_password = \"TestPassword123!\"\n    \n        # Шаг 1: Открыть главную страницу\n        with allure.step(\"Открыть главную страницу\"):\n            driver.get(base_url)\n    \n        # Шаг 2: Нажать кнопку «Создать аккаунт»\n        with allure.step(\"Нажать кнопку 'Создать аккаунт'\"):\n            home_page = HomePage(driver)\n>           home_page.click_create_account_button()\n\ntests/test_registration.py:40: \n_ _ _ _ _ _ _ _ _ _ _ _ _ _ _ _ _ _ _ _ _ _ _ _ _ _ _ _ _ _ _ _ _ _ _ _ _ _ _ _ \npages/home_page.py:14: in click_create_account_button\n    self.click(self.CREATE_ACCOUNT_BUTTON)\nbase/base_object.py:42: in click\n    element = self._is_clickable(locator) if ensure_clickable else self._is_present(locator)\nbase/base_object.py:19: in _is_clickable\n    return self.wait.until(ec.element_to_be_clickable(locator))\n_ _ _ _ _ _ _ _ _ _ _ _ _ _ _ _ _ _ _ _ _ _ _ _ _ _ _ _ _ _ _ _ _ _ _ _ _ _ _ _ \n\nself = <selenium.webdriver.support.wait.WebDriverWait (session=\"9c688044a9dc78c3ffd9e20d3bd58022\")>\nmethod = <function element_to_be_clickable.<locals>._predicate at 0x10bc459e0>\nmessage = ''\n\n    def until(self, method: Callable[[D], Union[Literal[False], T]], message: str = \"\") -> T:\n        \"\"\"Calls the method provided with the driver as an argument until the \\\n        return value does not evaluate to ``False``.\n    \n        :param method: callable(WebDriver)\n        :param message: optional message for :exc:`TimeoutException`\n        :returns: the result of the last call to `method`\n        :raises: :exc:`selenium.common.exceptions.TimeoutException` if timeout occurs\n        \"\"\"\n        screen = None\n        stacktrace = None\n    \n        end_time = time.monotonic() + self._timeout\n        while True:\n            try:\n                value = method(self._driver)\n                if value:\n                    return value\n            except self._ignored_exceptions as exc:\n                screen = getattr(exc, \"screen\", None)\n                stacktrace = getattr(exc, \"stacktrace\", None)\n            time.sleep(self._poll)\n            if time.monotonic() > end_time:\n                break\n>       raise TimeoutException(message, screen, stacktrace)\nE       selenium.common.exceptions.TimeoutException: Message:\n\n.venv/lib/python3.13/site-packages/selenium/webdriver/support/wait.py:105: TimeoutException"}, "description": "\n    Тестовый сценарий:\n    1. Нажать кнопку «Создать аккаунт»\n    2. Заполнить все поля формы регистрации\n    3. Нажать кнопку «Создать аккаунт»\n    4. Проверить:\n       - Произошёл ли переход на страницу авторизации\n       - Отображается ли форма авторизации\n    ", "steps": [{"name": "Открыть главную страницу", "status": "passed", "start": 1765671115901, "stop": 1765671116463}, {"name": "Нажать кнопку 'Создать аккаунт'", "status": "broken", "statusDetails": {"message": "selenium.common.exceptions.TimeoutException: Message: \n\n", "trace": "  File \"/Users/klim/PycharmProjects/Sprint_9/tests/test_registration.py\", line 40, in test_create_account\n    home_page.click_create_account_button()\n    ~~~~~~~~~~~~~~~~~~~~~~~~~~~~~~~~~~~~~^^\n  File \"/Users/klim/PycharmProjects/Sprint_9/pages/home_page.py\", line 14, in click_create_account_button\n    self.click(self.CREATE_ACCOUNT_BUTTON)\n    ~~~~~~~~~~^^^^^^^^^^^^^^^^^^^^^^^^^^^^\n  File \"/Users/klim/PycharmProjects/Sprint_9/base/base_object.py\", line 42, in click\n    element = self._is_clickable(locator) if ensure_clickable else self._is_present(locator)\n              ~~~~~~~~~~~~~~~~~~^^^^^^^^^\n  File \"/Users/klim/PycharmProjects/Sprint_9/base/base_object.py\", line 19, in _is_clickable\n    return self.wait.until(ec.element_to_be_clickable(locator))\n           ~~~~~~~~~~~~~~~^^^^^^^^^^^^^^^^^^^^^^^^^^^^^^^^^^^^^\n  File \"/Users/klim/PycharmProjects/Sprint_9/.venv/lib/python3.13/site-packages/selenium/webdriver/support/wait.py\", line 105, in until\n    raise TimeoutException(message, screen, stacktrace)\n"}, "start": 1765671116463, "stop": 1765671121509}], "attachments": [{"name": "stdout", "source": "ba6ca050-8b7b-4aa0-a621-829060d5ff7e-attachment.txt", "type": "text/plain"}], "start": 1765671115901, "stop": 1765671121512, "uuid": "cba1e440-7e59-44da-9d07-8ad544d7c688", "historyId": "5312e5046e06582991f0e433d6e6aafb", "testCaseId": "5312e5046e06582991f0e433d6e6aafb", "fullName": "tests.test_registration.TestUserRegistration#test_create_account", "labels": [{"name": "feature", "value": "Authentication"}, {"name": "story", "value": "User Registration"}, {"name": "parentSuite", "value": "tests"}, {"name": "suite", "value": "test_registration"}, {"name": "subSuite", "value": "TestUserRegistration"}, {"name": "host", "value": "MacBook-Air-2.local"}, {"name": "thread", "value": "8246-MainThread"}, {"name": "framework", "value": "pytest"}, {"name": "language", "value": "cpython3"}, {"name": "package", "value": "tests.test_registration"}]}