{"name": "Создание аккаунта с корректными данными", "status": "broken", "statusDetails": {"message": "selenium.common.exceptions.TimeoutException: Message: \nStacktrace:\n0   chromedriver                        0x000000010326ed7c cxxbridge1$str$ptr + 3028012\n1   chromedriver                        0x0000000103266c3c cxxbridge1$str$ptr + 2994924\n2   chromedriver                        0x0000000102d62b1c _RNvCsgXDX2mvAJAg_7___rustc35___rust_no_alloc_shim_is_unstable_v2 + 74196\n3   chromedriver                        0x0000000102da99d8 _RNvCsgXDX2mvAJAg_7___rustc35___rust_no_alloc_shim_is_unstable_v2 + 364688\n4   chromedriver                        0x0000000102dea978 _RNvCsgXDX2mvAJAg_7___rustc35___rust_no_alloc_shim_is_unstable_v2 + 630832\n5   chromedriver                        0x0000000102d9e17c _RNvCsgXDX2mvAJAg_7___rustc35___rust_no_alloc_shim_is_unstable_v2 + 317492\n6   chromedriver                        0x00000001032332cc cxxbridge1$str$ptr + 2783612\n7   chromedriver                        0x0000000103236a30 cxxbridge1$str$ptr + 2797792\n8   chromedriver                        0x0000000103213560 cxxbridge1$str$ptr + 2653200\n9   chromedriver                        0x00000001032372a0 cxxbridge1$str$ptr + 2799952\n10  chromedriver                        0x0000000103203f30 cxxbridge1$str$ptr + 2590176\n11  chromedriver                        0x00000001032561b8 cxxbridge1$str$ptr + 2926696\n12  chromedriver                        0x0000000103256338 cxxbridge1$str$ptr + 2927080\n13  chromedriver                        0x0000000103266894 cxxbridge1$str$ptr + 2993988\n14  libsystem_pthread.dylib             0x000000019b641c08 _pthread_start + 136\n15  libsystem_pthread.dylib             0x000000019b63cba8 thread_start + 8", "trace": "self = <tests.test_registration.TestUserRegistration object at 0x109907d90>\ndriver = <selenium.webdriver.chrome.webdriver.WebDriver (session=\"c3b96c0753c54735faba9603337d10ec\")>\nbase_url = 'https://foodgram-frontend-1.prakticum-team.ru'\n\n    @allure.title(\"Создание аккаунта с корректными данными\")\n    @allure.description(\"\"\"\n    Тестовый сценарий:\n    1. Нажать кнопку «Создать аккаунт»\n    2. Заполнить все поля формы регистрации\n    3. Нажать кнопку «Создать аккаунт»\n    4. Проверить:\n       - Произошёл ли переход на страницу авторизации\n       - Отображается ли форма авторизации\n    \"\"\")\n    def test_create_account(self, driver: WebDriver, base_url: str):\n        \"\"\"Тест создания нового аккаунта\"\"\"\n        # Тестовые данные\n        test_email = \"testuser@example.com\"\n        test_username = \"testuser\"\n        test_first_name = \"Test_AUTO\"\n        test_last_name = \"User_AUTO\"\n        test_password = \"TestPassword123!\"\n    \n        # Шаг 1: Открыть главную страницу\n        with allure.step(\"Открыть главную страницу\"):\n            driver.get(base_url)\n    \n        # Шаг 2: Нажать кнопку «Создать аккаунт»\n        with allure.step(\"Нажать кнопку 'Создать аккаунт'\"):\n            home_page = HomePage(driver)\n            home_page.click_create_account_button()\n    \n        # Шаг 3: Заполнить все поля формы регистрации\n        with allure.step(\"Заполнить форму регистрации\"):\n            registration_page = RegistrationPage(driver)\n>           registration_page.register_user(\n                email=test_email,\n                username=test_username,\n                first_name=test_first_name,\n                last_name=test_last_name,\n                password=test_password\n            )\n\ntests/test_registration.py:45: \n_ _ _ _ _ _ _ _ _ _ _ _ _ _ _ _ _ _ _ _ _ _ _ _ _ _ _ _ _ _ _ _ _ _ _ _ _ _ _ _ \npages/registration_page.py:59: in register_user\n    self.fill_password_confirm(password)\npages/registration_page.py:45: in fill_password_confirm\n    self.send_keys(self.PASSWORD_CONFIRM_INPUT, password)\nbase/base_object.py:49: in send_keys\n    element = self._is_visible(locator) if ensure_visible else self._is_present(locator)\nbase/base_object.py:16: in _is_visible\n    return self.wait.until(ec.visibility_of_element_located(locator))\n_ _ _ _ _ _ _ _ _ _ _ _ _ _ _ _ _ _ _ _ _ _ _ _ _ _ _ _ _ _ _ _ _ _ _ _ _ _ _ _ \n\nself = <selenium.webdriver.support.wait.WebDriverWait (session=\"c3b96c0753c54735faba9603337d10ec\")>\nmethod = <function visibility_of_element_located.<locals>._predicate at 0x1099919e0>\nmessage = ''\n\n    def until(self, method: Callable[[D], Union[Literal[False], T]], message: str = \"\") -> T:\n        \"\"\"Calls the method provided with the driver as an argument until the \\\n        return value does not evaluate to ``False``.\n    \n        :param method: callable(WebDriver)\n        :param message: optional message for :exc:`TimeoutException`\n        :returns: the result of the last call to `method`\n        :raises: :exc:`selenium.common.exceptions.TimeoutException` if timeout occurs\n        \"\"\"\n        screen = None\n        stacktrace = None\n    \n        end_time = time.monotonic() + self._timeout\n        while True:\n            try:\n                value = method(self._driver)\n                if value:\n                    return value\n            except self._ignored_exceptions as exc:\n                screen = getattr(exc, \"screen\", None)\n                stacktrace = getattr(exc, \"stacktrace\", None)\n            time.sleep(self._poll)\n            if time.monotonic() > end_time:\n                break\n>       raise TimeoutException(message, screen, stacktrace)\nE       selenium.common.exceptions.TimeoutException: Message: \nE       Stacktrace:\nE       0   chromedriver                        0x000000010326ed7c cxxbridge1$str$ptr + 3028012\nE       1   chromedriver                        0x0000000103266c3c cxxbridge1$str$ptr + 2994924\nE       2   chromedriver                        0x0000000102d62b1c _RNvCsgXDX2mvAJAg_7___rustc35___rust_no_alloc_shim_is_unstable_v2 + 74196\nE       3   chromedriver                        0x0000000102da99d8 _RNvCsgXDX2mvAJAg_7___rustc35___rust_no_alloc_shim_is_unstable_v2 + 364688\nE       4   chromedriver                        0x0000000102dea978 _RNvCsgXDX2mvAJAg_7___rustc35___rust_no_alloc_shim_is_unstable_v2 + 630832\nE       5   chromedriver                        0x0000000102d9e17c _RNvCsgXDX2mvAJAg_7___rustc35___rust_no_alloc_shim_is_unstable_v2 + 317492\nE       6   chromedriver                        0x00000001032332cc cxxbridge1$str$ptr + 2783612\nE       7   chromedriver                        0x0000000103236a30 cxxbridge1$str$ptr + 2797792\nE       8   chromedriver                        0x0000000103213560 cxxbridge1$str$ptr + 2653200\nE       9   chromedriver                        0x00000001032372a0 cxxbridge1$str$ptr + 2799952\nE       10  chromedriver                        0x0000000103203f30 cxxbridge1$str$ptr + 2590176\nE       11  chromedriver                        0x00000001032561b8 cxxbridge1$str$ptr + 2926696\nE       12  chromedriver                        0x0000000103256338 cxxbridge1$str$ptr + 2927080\nE       13  chromedriver                        0x0000000103266894 cxxbridge1$str$ptr + 2993988\nE       14  libsystem_pthread.dylib             0x000000019b641c08 _pthread_start + 136\nE       15  libsystem_pthread.dylib             0x000000019b63cba8 thread_start + 8\n\n.venv/lib/python3.13/site-packages/selenium/webdriver/support/wait.py:105: TimeoutException"}, "description": "\n    Тестовый сценарий:\n    1. Нажать кнопку «Создать аккаунт»\n    2. Заполнить все поля формы регистрации\n    3. Нажать кнопку «Создать аккаунт»\n    4. Проверить:\n       - Произошёл ли переход на страницу авторизации\n       - Отображается ли форма авторизации\n    ", "steps": [{"name": "Открыть главную страницу", "status": "passed", "start": 1765671507833, "stop": 1765671508539}, {"name": "Нажать кнопку 'Создать аккаунт'", "status": "passed", "start": 1765671508539, "stop": 1765671508586}, {"name": "Заполнить форму регистрации", "status": "broken", "statusDetails": {"message": "selenium.common.exceptions.TimeoutException: Message: \nStacktrace:\n0   chromedriver                        0x000000010326ed7c cxxbridge1$str$ptr + 3028012\n1   chromedriver                        0x0000000103266c3c cxxbridge1$str$ptr + 2994924\n2   chromedriver                        0x0000000102d62b1c _RNvCsgXDX2mvAJAg_7___rustc35___rust_no_alloc_shim_is_unstable_v2 + 74196\n3   chromedriver                        0x0000000102da99d8 _RNvCsgXDX2mvAJAg_7___rustc35___rust_no_alloc_shim_is_unstable_v2 + 364688\n4   chromedriver                        0x0000000102dea978 _RNvCsgXDX2mvAJAg_7___rustc35___rust_no_alloc_shim_is_unstable_v2 + 630832\n5   chromedriver                        0x0000000102d9e17c _RNvCsgXDX2mvAJAg_7___rustc35___rust_no_alloc_shim_is_unstable_v2 + 317492\n6   chromedriver                        0x00000001032332cc cxxbridge1$str$ptr + 2783612\n7   chromedriver                        0x0000000103236a30 cxxbridge1$str$ptr + 2797792\n8   chromedriver                        0x0000000103213560 cxxbridge1$str$ptr + 2653200\n9   chromedriver                        0x00000001032372a0 cxxbridge1$str$ptr + 2799952\n10  chromedriver                        0x0000000103203f30 cxxbridge1$str$ptr + 2590176\n11  chromedriver                        0x00000001032561b8 cxxbridge1$str$ptr + 2926696\n12  chromedriver                        0x0000000103256338 cxxbridge1$str$ptr + 2927080\n13  chromedriver                        0x0000000103266894 cxxbridge1$str$ptr + 2993988\n14  libsystem_pthread.dylib             0x000000019b641c08 _pthread_start + 136\n15  libsystem_pthread.dylib             0x000000019b63cba8 thread_start + 8\n\n", "trace": "  File \"/Users/klim/PycharmProjects/Sprint_9/tests/test_registration.py\", line 45, in test_create_account\n    registration_page.register_user(\n    ~~~~~~~~~~~~~~~~~~~~~~~~~~~~~~~^\n        email=test_email,\n        ^^^^^^^^^^^^^^^^^\n    ...<3 lines>...\n        password=test_password\n        ^^^^^^^^^^^^^^^^^^^^^^\n    )\n    ^\n  File \"/Users/klim/PycharmProjects/Sprint_9/pages/registration_page.py\", line 59, in register_user\n    self.fill_password_confirm(password)\n    ~~~~~~~~~~~~~~~~~~~~~~~~~~^^^^^^^^^^\n  File \"/Users/klim/PycharmProjects/Sprint_9/pages/registration_page.py\", line 45, in fill_password_confirm\n    self.send_keys(self.PASSWORD_CONFIRM_INPUT, password)\n    ~~~~~~~~~~~~~~^^^^^^^^^^^^^^^^^^^^^^^^^^^^^^^^^^^^^^^\n  File \"/Users/klim/PycharmProjects/Sprint_9/base/base_object.py\", line 49, in send_keys\n    element = self._is_visible(locator) if ensure_visible else self._is_present(locator)\n              ~~~~~~~~~~~~~~~~^^^^^^^^^\n  File \"/Users/klim/PycharmProjects/Sprint_9/base/base_object.py\", line 16, in _is_visible\n    return self.wait.until(ec.visibility_of_element_located(locator))\n           ~~~~~~~~~~~~~~~^^^^^^^^^^^^^^^^^^^^^^^^^^^^^^^^^^^^^^^^^^^\n  File \"/Users/klim/PycharmProjects/Sprint_9/.venv/lib/python3.13/site-packages/selenium/webdriver/support/wait.py\", line 105, in until\n    raise TimeoutException(message, screen, stacktrace)\n"}, "start": 1765671508586, "stop": 1765671514350}], "attachments": [{"name": "stdout", "source": "24f64301-6dbc-4e00-abb7-1550b708aabe-attachment.txt", "type": "text/plain"}], "start": 1765671507833, "stop": 1765671514352, "uuid": "e54e125c-5444-4eda-a4db-becc01f1700c", "historyId": "5312e5046e06582991f0e433d6e6aafb", "testCaseId": "5312e5046e06582991f0e433d6e6aafb", "fullName": "tests.test_registration.TestUserRegistration#test_create_account", "labels": [{"name": "story", "value": "User Registration"}, {"name": "feature", "value": "Authentication"}, {"name": "parentSuite", "value": "tests"}, {"name": "suite", "value": "test_registration"}, {"name": "subSuite", "value": "TestUserRegistration"}, {"name": "host", "value": "MacBook-Air-2.local"}, {"name": "thread", "value": "8710-MainThread"}, {"name": "framework", "value": "pytest"}, {"name": "language", "value": "cpython3"}, {"name": "package", "value": "tests.test_registration"}]}