{"name": "Создание рецепта с корректными данными", "status": "broken", "statusDetails": {"message": "selenium.common.exceptions.ElementNotInteractableException: Message: element not interactable\n  (Session info: chrome=143.0.7499.41)\nStacktrace:\n0   chromedriver                        0x000000010333ed7c cxxbridge1$str$ptr + 3028012\n1   chromedriver                        0x0000000103336c3c cxxbridge1$str$ptr + 2994924\n2   chromedriver                        0x0000000102e32980 _RNvCsgXDX2mvAJAg_7___rustc35___rust_no_alloc_shim_is_unstable_v2 + 73784\n3   chromedriver                        0x0000000102e7496c _RNvCsgXDX2mvAJAg_7___rustc35___rust_no_alloc_shim_is_unstable_v2 + 344100\n4   chromedriver                        0x0000000102e7382c _RNvCsgXDX2mvAJAg_7___rustc35___rust_no_alloc_shim_is_unstable_v2 + 339684\n5   chromedriver                        0x0000000102e6f758 _RNvCsgXDX2mvAJAg_7___rustc35___rust_no_alloc_shim_is_unstable_v2 + 323088\n6   chromedriver                        0x0000000102eba978 _RNvCsgXDX2mvAJAg_7___rustc35___rust_no_alloc_shim_is_unstable_v2 + 630832\n7   chromedriver                        0x0000000102e6e17c _RNvCsgXDX2mvAJAg_7___rustc35___rust_no_alloc_shim_is_unstable_v2 + 317492\n8   chromedriver                        0x00000001033032cc cxxbridge1$str$ptr + 2783612\n9   chromedriver                        0x0000000103306a30 cxxbridge1$str$ptr + 2797792\n10  chromedriver                        0x00000001032e3560 cxxbridge1$str$ptr + 2653200\n11  chromedriver                        0x00000001033072a0 cxxbridge1$str$ptr + 2799952\n12  chromedriver                        0x00000001032d3f30 cxxbridge1$str$ptr + 2590176\n13  chromedriver                        0x00000001033261b8 cxxbridge1$str$ptr + 2926696\n14  chromedriver                        0x0000000103326338 cxxbridge1$str$ptr + 2927080\n15  chromedriver                        0x0000000103336894 cxxbridge1$str$ptr + 2993988\n16  libsystem_pthread.dylib             0x000000019b641c08 _pthread_start + 136\n17  libsystem_pthread.dylib             0x000000019b63cba8 thread_start + 8", "trace": "self = <tests.test_recipe_creation.TestRecipeCreation object at 0x10af3ac10>\ndriver = <selenium.webdriver.chrome.webdriver.WebDriver (session=\"57f32037f79c2fc48ec118ebc5457e92\")>\nbase_url = 'https://foodgram-frontend-1.prakticum-team.ru'\n\n    @allure.title(\"Создание рецепта с корректными данными\")\n    @allure.description(\"\"\"\n    Тестовый сценарий:\n    1. Авторизоваться\n    2. Перейти на таб «Создать рецепт»\n    3. Заполнить все поля формы создания рецепта:\n       - Название\n       - Описание\n       - Время приготовления\n       - Ингредиент (выбрать из списка автодополнения)\n       - Количество ингредиента\n    4. Нажать кнопку «Создать рецепт»\n    5. Проверить:\n       - Отображается ли карточка созданного рецепта\n       - Отображается ли название, которое заполняли при создании\n    \"\"\")\n    def test_create_recipe(self, driver: WebDriver, base_url: str):\n        \"\"\"Тест создания нового рецепта\"\"\"\n        # Тестовые данные\n        test_username = \"Test_USer\"\n        test_password = \"Test1234!\"\n        recipe_name = \"Тестовый рецепт\"\n        recipe_description = \"Это тестовое описание рецепта\"\n        cooking_time = \"30\"\n        ingredient_name = \"масло авокадо\"\n        ingredient_quantity = \"100\"\n    \n        # Прикрепить данные к отчёту Allure\n        allure.attach(\n            f\"Recipe Name: {recipe_name}\\n\"\n            f\"Ingredient: {ingredient_name}\\n\"\n            f\"Quantity: {ingredient_quantity}\\n\"\n            f\"Cooking Time: {cooking_time}\",\n            name=\"test_data\",\n            attachment_type=allure.attachment_type.TEXT\n        )\n    \n        # Шаг 1: Открыть главную страницу\n        with allure.step(\"Открыть главную страницу\"):\n            driver.get(base_url)\n    \n        # Шаг 2: Авторизоваться\n        with allure.step(\"Авторизоваться\"):\n            home_page = HomePage(driver)\n            home_page.click_login_link()\n    \n            login_page = LoginPage(driver)\n            login_page.login(\n                username=test_username,\n                password=test_password\n            )\n    \n        # Шаг 3: Перейти на таб «Создать рецепт»\n        with allure.step(\"Перейти на таб 'Создать рецепт'\"):\n            home_page = HomePage(driver)\n            home_page.click_create_recipe_tab()\n    \n        # Шаг 4: Заполнить форму создания рецепта\n        with allure.step(\"Заполнить форму создания рецепта\"):\n            recipe_page = RecipePage(driver)\n>           recipe_page.create_recipe(\n                name=recipe_name,\n                description=recipe_description,\n                cooking_time=cooking_time,\n                ingredient_name=ingredient_name,\n                ingredient_quantity=ingredient_quantity,\n                file_path = \"./assets/test_image.txt\"\n            )\n\ntests/test_recipe_creation.py:74: \n_ _ _ _ _ _ _ _ _ _ _ _ _ _ _ _ _ _ _ _ _ _ _ _ _ _ _ _ _ _ _ _ _ _ _ _ _ _ _ _ \npages/recipe_page.py:124: in create_recipe\n    self.upload_file(file_path)\npages/recipe_page.py:88: in upload_file\n    file_input.send_keys(file_path)\n.venv/lib/python3.13/site-packages/selenium/webdriver/remote/webelement.py:231: in send_keys\n    self._execute(\n.venv/lib/python3.13/site-packages/selenium/webdriver/remote/webelement.py:395: in _execute\n    return self._parent.execute(command, params)\n.venv/lib/python3.13/site-packages/selenium/webdriver/remote/webdriver.py:354: in execute\n    self.error_handler.check_response(response)\n_ _ _ _ _ _ _ _ _ _ _ _ _ _ _ _ _ _ _ _ _ _ _ _ _ _ _ _ _ _ _ _ _ _ _ _ _ _ _ _ \n\nself = <selenium.webdriver.remote.errorhandler.ErrorHandler object at 0x10b02f0e0>\nresponse = {'status': 400, 'value': '{\"value\":{\"error\":\"element not interactable\",\"message\":\"element not interactable\\\\n  (Sessio...00019b641c08 _pthread_start + 136\\\\n17  libsystem_pthread.dylib             0x000000019b63cba8 thread_start + 8\\\\n\"}}'}\n\n    def check_response(self, response: Dict[str, Any]) -> None:\n        \"\"\"Checks that a JSON response from the WebDriver does not have an\n        error.\n    \n        :Args:\n         - response - The JSON response from the WebDriver server as a dictionary\n           object.\n    \n        :Raises: If the response contains an error message.\n        \"\"\"\n        status = response.get(\"status\", None)\n        if not status or status == ErrorCode.SUCCESS:\n            return\n        value = None\n        message = response.get(\"message\", \"\")\n        screen: str = response.get(\"screen\", \"\")\n        stacktrace = None\n        if isinstance(status, int):\n            value_json = response.get(\"value\", None)\n            if value_json and isinstance(value_json, str):\n                import json\n    \n                try:\n                    value = json.loads(value_json)\n                    if len(value) == 1:\n                        value = value[\"value\"]\n                    status = value.get(\"error\", None)\n                    if not status:\n                        status = value.get(\"status\", ErrorCode.UNKNOWN_ERROR)\n                        message = value.get(\"value\") or value.get(\"message\")\n                        if not isinstance(message, str):\n                            value = message\n                            message = message.get(\"message\")\n                    else:\n                        message = value.get(\"message\", None)\n                except ValueError:\n                    pass\n    \n        exception_class: Type[WebDriverException]\n        e = ErrorCode()\n        error_codes = [item for item in dir(e) if not item.startswith(\"__\")]\n        for error_code in error_codes:\n            error_info = getattr(ErrorCode, error_code)\n            if isinstance(error_info, list) and status in error_info:\n                exception_class = getattr(ExceptionMapping, error_code, WebDriverException)\n                break\n        else:\n            exception_class = WebDriverException\n    \n        if not value:\n            value = response[\"value\"]\n        if isinstance(value, str):\n            raise exception_class(value)\n        if message == \"\" and \"message\" in value:\n            message = value[\"message\"]\n    \n        screen = None  # type: ignore[assignment]\n        if \"screen\" in value:\n            screen = value[\"screen\"]\n    \n        stacktrace = None\n        st_value = value.get(\"stackTrace\") or value.get(\"stacktrace\")\n        if st_value:\n            if isinstance(st_value, str):\n                stacktrace = st_value.split(\"\\n\")\n            else:\n                stacktrace = []\n                try:\n                    for frame in st_value:\n                        line = frame.get(\"lineNumber\", \"\")\n                        file = frame.get(\"fileName\", \"<anonymous>\")\n                        if line:\n                            file = f\"{file}:{line}\"\n                        meth = frame.get(\"methodName\", \"<anonymous>\")\n                        if \"className\" in frame:\n                            meth = f\"{frame['className']}.{meth}\"\n                        msg = \"    at %s (%s)\"\n                        msg = msg % (meth, file)\n                        stacktrace.append(msg)\n                except TypeError:\n                    pass\n        if exception_class == UnexpectedAlertPresentException:\n            alert_text = None\n            if \"data\" in value:\n                alert_text = value[\"data\"].get(\"text\")\n            elif \"alert\" in value:\n                alert_text = value[\"alert\"].get(\"text\")\n            raise exception_class(message, screen, stacktrace, alert_text)  # type: ignore[call-arg]  # mypy is not smart enough here\n>       raise exception_class(message, screen, stacktrace)\nE       selenium.common.exceptions.ElementNotInteractableException: Message: element not interactable\nE         (Session info: chrome=143.0.7499.41)\nE       Stacktrace:\nE       0   chromedriver                        0x000000010333ed7c cxxbridge1$str$ptr + 3028012\nE       1   chromedriver                        0x0000000103336c3c cxxbridge1$str$ptr + 2994924\nE       2   chromedriver                        0x0000000102e32980 _RNvCsgXDX2mvAJAg_7___rustc35___rust_no_alloc_shim_is_unstable_v2 + 73784\nE       3   chromedriver                        0x0000000102e7496c _RNvCsgXDX2mvAJAg_7___rustc35___rust_no_alloc_shim_is_unstable_v2 + 344100\nE       4   chromedriver                        0x0000000102e7382c _RNvCsgXDX2mvAJAg_7___rustc35___rust_no_alloc_shim_is_unstable_v2 + 339684\nE       5   chromedriver                        0x0000000102e6f758 _RNvCsgXDX2mvAJAg_7___rustc35___rust_no_alloc_shim_is_unstable_v2 + 323088\nE       6   chromedriver                        0x0000000102eba978 _RNvCsgXDX2mvAJAg_7___rustc35___rust_no_alloc_shim_is_unstable_v2 + 630832\nE       7   chromedriver                        0x0000000102e6e17c _RNvCsgXDX2mvAJAg_7___rustc35___rust_no_alloc_shim_is_unstable_v2 + 317492\nE       8   chromedriver                        0x00000001033032cc cxxbridge1$str$ptr + 2783612\nE       9   chromedriver                        0x0000000103306a30 cxxbridge1$str$ptr + 2797792\nE       10  chromedriver                        0x00000001032e3560 cxxbridge1$str$ptr + 2653200\nE       11  chromedriver                        0x00000001033072a0 cxxbridge1$str$ptr + 2799952\nE       12  chromedriver                        0x00000001032d3f30 cxxbridge1$str$ptr + 2590176\nE       13  chromedriver                        0x00000001033261b8 cxxbridge1$str$ptr + 2926696\nE       14  chromedriver                        0x0000000103326338 cxxbridge1$str$ptr + 2927080\nE       15  chromedriver                        0x0000000103336894 cxxbridge1$str$ptr + 2993988\nE       16  libsystem_pthread.dylib             0x000000019b641c08 _pthread_start + 136\nE       17  libsystem_pthread.dylib             0x000000019b63cba8 thread_start + 8\n\n.venv/lib/python3.13/site-packages/selenium/webdriver/remote/errorhandler.py:229: ElementNotInteractableException"}, "description": "\n    Тестовый сценарий:\n    1. Авторизоваться\n    2. Перейти на таб «Создать рецепт»\n    3. Заполнить все поля формы создания рецепта:\n       - Название\n       - Описание\n       - Время приготовления\n       - Ингредиент (выбрать из списка автодополнения)\n       - Количество ингредиента\n    4. Нажать кнопку «Создать рецепт»\n    5. Проверить:\n       - Отображается ли карточка созданного рецепта\n       - Отображается ли название, которое заполняли при создании\n    ", "steps": [{"name": "Открыть главную страницу", "status": "passed", "start": 1765744687963, "stop": 1765744688577}, {"name": "Авторизоваться", "status": "passed", "start": 1765744688577, "stop": 1765744688755}, {"name": "Перейти на таб 'Создать рецепт'", "status": "passed", "start": 1765744688755, "stop": 1765744689362}, {"name": "Заполнить форму создания рецепта", "status": "broken", "statusDetails": {"message": "selenium.common.exceptions.ElementNotInteractableException: Message: element not interactable\n  (Session info: chrome=143.0.7499.41)\nStacktrace:\n0   chromedriver                        0x000000010333ed7c cxxbridge1$str$ptr + 3028012\n1   chromedriver                        0x0000000103336c3c cxxbridge1$str$ptr + 2994924\n2   chromedriver                        0x0000000102e32980 _RNvCsgXDX2mvAJAg_7___rustc35___rust_no_alloc_shim_is_unstable_v2 + 73784\n3   chromedriver                        0x0000000102e7496c _RNvCsgXDX2mvAJAg_7___rustc35___rust_no_alloc_shim_is_unstable_v2 + 344100\n4   chromedriver                        0x0000000102e7382c _RNvCsgXDX2mvAJAg_7___rustc35___rust_no_alloc_shim_is_unstable_v2 + 339684\n5   chromedriver                        0x0000000102e6f758 _RNvCsgXDX2mvAJAg_7___rustc35___rust_no_alloc_shim_is_unstable_v2 + 323088\n6   chromedriver                        0x0000000102eba978 _RNvCsgXDX2mvAJAg_7___rustc35___rust_no_alloc_shim_is_unstable_v2 + 630832\n7   chromedriver                        0x0000000102e6e17c _RNvCsgXDX2mvAJAg_7___rustc35___rust_no_alloc_shim_is_unstable_v2 + 317492\n8   chromedriver                        0x00000001033032cc cxxbridge1$str$ptr + 2783612\n9   chromedriver                        0x0000000103306a30 cxxbridge1$str$ptr + 2797792\n10  chromedriver                        0x00000001032e3560 cxxbridge1$str$ptr + 2653200\n11  chromedriver                        0x00000001033072a0 cxxbridge1$str$ptr + 2799952\n12  chromedriver                        0x00000001032d3f30 cxxbridge1$str$ptr + 2590176\n13  chromedriver                        0x00000001033261b8 cxxbridge1$str$ptr + 2926696\n14  chromedriver                        0x0000000103326338 cxxbridge1$str$ptr + 2927080\n15  chromedriver                        0x0000000103336894 cxxbridge1$str$ptr + 2993988\n16  libsystem_pthread.dylib             0x000000019b641c08 _pthread_start + 136\n17  libsystem_pthread.dylib             0x000000019b63cba8 thread_start + 8\n\n", "trace": "  File \"/Users/klim/PycharmProjects/Sprint_9/tests/test_recipe_creation.py\", line 74, in test_create_recipe\n    recipe_page.create_recipe(\n    ~~~~~~~~~~~~~~~~~~~~~~~~~^\n        name=recipe_name,\n        ^^^^^^^^^^^^^^^^^\n    ...<4 lines>...\n        file_path = \"./assets/test_image.txt\"\n        ^^^^^^^^^^^^^^^^^^^^^^^^^^^^^^^^^^^^^\n    )\n    ^\n  File \"/Users/klim/PycharmProjects/Sprint_9/pages/recipe_page.py\", line 124, in create_recipe\n    self.upload_file(file_path)\n    ~~~~~~~~~~~~~~~~^^^^^^^^^^^\n  File \"/Users/klim/PycharmProjects/Sprint_9/pages/recipe_page.py\", line 88, in upload_file\n    file_input.send_keys(file_path)\n    ~~~~~~~~~~~~~~~~~~~~^^^^^^^^^^^\n  File \"/Users/klim/PycharmProjects/Sprint_9/.venv/lib/python3.13/site-packages/selenium/webdriver/remote/webelement.py\", line 231, in send_keys\n    self._execute(\n    ~~~~~~~~~~~~~^\n        Command.SEND_KEYS_TO_ELEMENT, {\"text\": \"\".join(keys_to_typing(value)), \"value\": keys_to_typing(value)}\n        ^^^^^^^^^^^^^^^^^^^^^^^^^^^^^^^^^^^^^^^^^^^^^^^^^^^^^^^^^^^^^^^^^^^^^^^^^^^^^^^^^^^^^^^^^^^^^^^^^^^^^^\n    )\n    ^\n  File \"/Users/klim/PycharmProjects/Sprint_9/.venv/lib/python3.13/site-packages/selenium/webdriver/remote/webelement.py\", line 395, in _execute\n    return self._parent.execute(command, params)\n           ~~~~~~~~~~~~~~~~~~~~^^^^^^^^^^^^^^^^^\n  File \"/Users/klim/PycharmProjects/Sprint_9/.venv/lib/python3.13/site-packages/selenium/webdriver/remote/webdriver.py\", line 354, in execute\n    self.error_handler.check_response(response)\n    ~~~~~~~~~~~~~~~~~~~~~~~~~~~~~~~~~^^^^^^^^^^\n  File \"/Users/klim/PycharmProjects/Sprint_9/.venv/lib/python3.13/site-packages/selenium/webdriver/remote/errorhandler.py\", line 229, in check_response\n    raise exception_class(message, screen, stacktrace)\n"}, "start": 1765744689362, "stop": 1765744696098}], "attachments": [{"name": "test_data", "source": "b8eab56c-5903-4e55-a859-61edea70e888-attachment.txt", "type": "text/plain"}, {"name": "stdout", "source": "1ea66423-c5a0-43f7-b209-2b2ea9fafffc-attachment.txt", "type": "text/plain"}], "start": 1765744687963, "stop": 1765744696101, "uuid": "359db025-f3b3-4c76-abdb-cc38be0b988a", "historyId": "f961720726e4f87e9351284a25467d89", "testCaseId": "f961720726e4f87e9351284a25467d89", "fullName": "tests.test_recipe_creation.TestRecipeCreation#test_create_recipe", "labels": [{"name": "story", "value": "Recipe Creation"}, {"name": "feature", "value": "Recipe Management"}, {"name": "parentSuite", "value": "tests"}, {"name": "suite", "value": "test_recipe_creation"}, {"name": "subSuite", "value": "TestRecipeCreation"}, {"name": "host", "value": "MacBook-Air-2.local"}, {"name": "thread", "value": "26732-MainThread"}, {"name": "framework", "value": "pytest"}, {"name": "language", "value": "cpython3"}, {"name": "package", "value": "tests.test_recipe_creation"}]}