{"name": "Создание аккаунта с корректными данными", "status": "failed", "statusDetails": {"message": "AssertionError: Ожидается переход на страницу авторизации, текущий URL: https://foodgram-frontend-1.prakticum-team.ru/signup\nassert ('login' in 'https://foodgram-frontend-1.prakticum-team.ru/signup' or 'signin' in 'https://foodgram-frontend-1.prakticum-team.ru/signup')\n +  where 'https://foodgram-frontend-1.prakticum-team.ru/signup' = <built-in method lower of str object at 0x10b8bc570>()\n +    where <built-in method lower of str object at 0x10b8bc570> = 'https://foodgram-frontend-1.prakticum-team.ru/signup'.lower\n +      where 'https://foodgram-frontend-1.prakticum-team.ru/signup' = <selenium.webdriver.chrome.webdriver.WebDriver (session=\"de28d06b93085ef33e48a40549546113\")>.current_url\n +  and   'https://foodgram-frontend-1.prakticum-team.ru/signup' = <built-in method lower of str object at 0x10b8bc870>()\n +    where <built-in method lower of str object at 0x10b8bc870> = 'https://foodgram-frontend-1.prakticum-team.ru/signup'.lower\n +      where 'https://foodgram-frontend-1.prakticum-team.ru/signup' = <selenium.webdriver.chrome.webdriver.WebDriver (session=\"de28d06b93085ef33e48a40549546113\")>.current_url", "trace": "self = <tests.test_registration.TestUserRegistration object at 0x10b70fc50>\ndriver = <selenium.webdriver.chrome.webdriver.WebDriver (session=\"de28d06b93085ef33e48a40549546113\")>\nbase_url = 'https://foodgram-frontend-1.prakticum-team.ru'\n\n    @allure.title(\"Создание аккаунта с корректными данными\")\n    @allure.description(\"\"\"\n    Тестовый сценарий:\n    1. Нажать кнопку «Создать аккаунт»\n    2. Заполнить все поля формы регистрации\n    3. Нажать кнопку «Создать аккаунт»\n    4. Проверить:\n       - Произошёл ли переход на страницу авторизации\n       - Отображается ли форма авторизации\n    \"\"\")\n    def test_create_account(self, driver: WebDriver, base_url: str):\n        \"\"\"Тест создания нового аккаунта\"\"\"\n        # Тестовые данные\n        test_email = \"testuser@example.com\"\n        test_username = \"testuser_auto_1234\"\n        test_first_name = \"Test_AUTO\"\n        test_last_name = \"User_AUTO\"\n        test_password = \"TestPassword123!\"\n    \n        # Шаг 1: Открыть главную страницу\n        with allure.step(\"Открыть главную страницу\"):\n            driver.get(base_url)\n    \n        # Шаг 2: Нажать кнопку «Создать аккаунт»\n        with allure.step(\"Нажать кнопку 'Создать аккаунт'\"):\n            home_page = HomePage(driver)\n            home_page.click_create_account_button()\n    \n        # Шаг 3: Заполнить все поля формы регистрации\n        with allure.step(\"Заполнить форму регистрации\"):\n            registration_page = RegistrationPage(driver)\n            registration_page.register_user(\n                email=test_email,\n                username=test_username,\n                first_name=test_first_name,\n                last_name=test_last_name,\n                password=test_password\n            )\n    \n        # Шаг 4: Проверить переход на страницу авторизации\n        with allure.step(\"Проверить переход на страницу авторизации\"):\n            login_page = LoginPage(driver)\n            # Проверяем, что URL содержит 'login' или 'signin'\n>           assert \"login\" in driver.current_url.lower() or \\\n                   \"signin\" in driver.current_url.lower(), \\\n                f\"Ожидается переход на страницу авторизации, текущий URL: {driver.current_url}\"\nE           AssertionError: Ожидается переход на страницу авторизации, текущий URL: https://foodgram-frontend-1.prakticum-team.ru/signup\nE           assert ('login' in 'https://foodgram-frontend-1.prakticum-team.ru/signup' or 'signin' in 'https://foodgram-frontend-1.prakticum-team.ru/signup')\nE            +  where 'https://foodgram-frontend-1.prakticum-team.ru/signup' = <built-in method lower of str object at 0x10b8bc570>()\nE            +    where <built-in method lower of str object at 0x10b8bc570> = 'https://foodgram-frontend-1.prakticum-team.ru/signup'.lower\nE            +      where 'https://foodgram-frontend-1.prakticum-team.ru/signup' = <selenium.webdriver.chrome.webdriver.WebDriver (session=\"de28d06b93085ef33e48a40549546113\")>.current_url\nE            +  and   'https://foodgram-frontend-1.prakticum-team.ru/signup' = <built-in method lower of str object at 0x10b8bc870>()\nE            +    where <built-in method lower of str object at 0x10b8bc870> = 'https://foodgram-frontend-1.prakticum-team.ru/signup'.lower\nE            +      where 'https://foodgram-frontend-1.prakticum-team.ru/signup' = <selenium.webdriver.chrome.webdriver.WebDriver (session=\"de28d06b93085ef33e48a40549546113\")>.current_url\n\ntests/test_registration.py:57: AssertionError"}, "description": "\n    Тестовый сценарий:\n    1. Нажать кнопку «Создать аккаунт»\n    2. Заполнить все поля формы регистрации\n    3. Нажать кнопку «Создать аккаунт»\n    4. Проверить:\n       - Произошёл ли переход на страницу авторизации\n       - Отображается ли форма авторизации\n    ", "steps": [{"name": "Открыть главную страницу", "status": "passed", "start": 1765671689585, "stop": 1765671690384}, {"name": "Нажать кнопку 'Создать аккаунт'", "status": "passed", "start": 1765671690384, "stop": 1765671690432}, {"name": "Заполнить форму регистрации", "status": "passed", "start": 1765671690432, "stop": 1765671690685}, {"name": "Проверить переход на страницу авторизации", "status": "failed", "statusDetails": {"message": "AssertionError: Ожидается переход на страницу авторизации, текущий URL: https://foodgram-frontend-1.prakticum-team.ru/signup\nassert ('login' in 'https://foodgram-frontend-1.prakticum-team.ru/signup' or 'signin' in 'https://foodgram-frontend-1.prakticum-team.ru/signup')\n +  where 'https://foodgram-frontend-1.prakticum-team.ru/signup' = <built-in method lower of str object at 0x10b8bc570>()\n +    where <built-in method lower of str object at 0x10b8bc570> = 'https://foodgram-frontend-1.prakticum-team.ru/signup'.lower\n +      where 'https://foodgram-frontend-1.prakticum-team.ru/signup' = <selenium.webdriver.chrome.webdriver.WebDriver (session=\"de28d06b93085ef33e48a40549546113\")>.current_url\n +  and   'https://foodgram-frontend-1.prakticum-team.ru/signup' = <built-in method lower of str object at 0x10b8bc870>()\n +    where <built-in method lower of str object at 0x10b8bc870> = 'https://foodgram-frontend-1.prakticum-team.ru/signup'.lower\n +      where 'https://foodgram-frontend-1.prakticum-team.ru/signup' = <selenium.webdriver.chrome.webdriver.WebDriver (session=\"de28d06b93085ef33e48a40549546113\")>.current_url\n", "trace": "  File \"/Users/klim/PycharmProjects/Sprint_9/tests/test_registration.py\", line 57, in test_create_account\n    assert \"login\" in driver.current_url.lower() or \\\n           \"signin\" in driver.current_url.lower(), \\\n        f\"Ожидается переход на страницу авторизации, текущий URL: {driver.current_url}\"\n"}, "start": 1765671690685, "stop": 1765671690689}], "attachments": [{"name": "stdout", "source": "e5d1356a-0411-4753-91fb-6e0d5858cf0e-attachment.txt", "type": "text/plain"}], "start": 1765671689585, "stop": 1765671690691, "uuid": "8284c70b-b6a7-479f-b036-fb78cf48c1df", "historyId": "5312e5046e06582991f0e433d6e6aafb", "testCaseId": "5312e5046e06582991f0e433d6e6aafb", "fullName": "tests.test_registration.TestUserRegistration#test_create_account", "labels": [{"name": "feature", "value": "Authentication"}, {"name": "story", "value": "User Registration"}, {"name": "parentSuite", "value": "tests"}, {"name": "suite", "value": "test_registration"}, {"name": "subSuite", "value": "TestUserRegistration"}, {"name": "host", "value": "MacBook-Air-2.local"}, {"name": "thread", "value": "8928-MainThread"}, {"name": "framework", "value": "pytest"}, {"name": "language", "value": "cpython3"}, {"name": "package", "value": "tests.test_registration"}]}