{"name": "Создание рецепта с корректными данными", "status": "broken", "statusDetails": {"message": "selenium.common.exceptions.TimeoutException: Message:", "trace": "self = <tests.test_recipe_creation.TestRecipeCreation object at 0x1072bac10>\ndriver = <selenium.webdriver.chrome.webdriver.WebDriver (session=\"c34e50c6685751fd28a8e448319cc5b0\")>\nbase_url = 'https://foodgram-frontend-1.prakticum-team.ru'\n\n    @allure.title(\"Создание рецепта с корректными данными\")\n    @allure.description(\"\"\"\n    Тестовый сценарий:\n    1. Авторизоваться\n    2. Перейти на таб «Создать рецепт»\n    3. Заполнить все поля формы создания рецепта:\n       - Название\n       - Описание\n       - Время приготовления\n       - Ингредиент (выбрать из списка автодополнения)\n       - Количество ингредиента\n    4. Нажать кнопку «Создать рецепт»\n    5. Проверить:\n       - Отображается ли карточка созданного рецепта\n       - Отображается ли название, которое заполняли при создании\n    \"\"\")\n    def test_create_recipe(self, driver: WebDriver, base_url: str):\n        \"\"\"Тест создания нового рецепта\"\"\"\n        # Тестовые данные\n        test_username = \"Test_USer\"\n        test_password = \"Test1234!\"\n        recipe_name = \"Тестовый рецепт\"\n        recipe_description = \"Это тестовое описание рецепта\"\n        cooking_time = \"30\"\n        ingredient_name = \"масло\"\n        ingredient_quantity = \"100\"\n    \n        # Прикрепить данные к отчёту Allure\n        allure.attach(\n            f\"Recipe Name: {recipe_name}\\n\"\n            f\"Ingredient: {ingredient_name}\\n\"\n            f\"Quantity: {ingredient_quantity}\\n\"\n            f\"Cooking Time: {cooking_time}\",\n            name=\"test_data\",\n            attachment_type=allure.attachment_type.TEXT\n        )\n    \n        # Шаг 1: Открыть главную страницу\n        with allure.step(\"Открыть главную страницу\"):\n            driver.get(base_url)\n    \n        # Шаг 2: Авторизоваться\n        with allure.step(\"Авторизоваться\"):\n            home_page = HomePage(driver)\n            home_page.click_login_link()\n    \n            login_page = LoginPage(driver)\n            login_page.login(\n                username=test_username,\n                password=test_password\n            )\n    \n        # Шаг 3: Перейти на таб «Создать рецепт»\n        with allure.step(\"Перейти на таб 'Создать рецепт'\"):\n            home_page = HomePage(driver)\n            home_page.click_create_recipe_tab()\n    \n        # Шаг 4: Заполнить форму создания рецепта\n        with allure.step(\"Заполнить форму создания рецепта\"):\n            recipe_page = RecipePage(driver)\n>           recipe_page.create_recipe(\n                name=recipe_name,\n                description=recipe_description,\n                cooking_time=cooking_time,\n                ingredient_name=ingredient_name,\n                ingredient_quantity=ingredient_quantity\n            )\n\ntests/test_recipe_creation.py:74: \n_ _ _ _ _ _ _ _ _ _ _ _ _ _ _ _ _ _ _ _ _ _ _ _ _ _ _ _ _ _ _ _ _ _ _ _ _ _ _ _ \npages/recipe_page.py:94: in create_recipe\n    self.fill_ingredient(ingredient_name)\npages/recipe_page.py:59: in fill_ingredient\n    ingredient_options = self._are_present(self.INGREDIENT_OPTION)\nbase/base_object.py:32: in _are_present\n    return self.wait.until(ec.presence_of_all_elements_located(locator))\n_ _ _ _ _ _ _ _ _ _ _ _ _ _ _ _ _ _ _ _ _ _ _ _ _ _ _ _ _ _ _ _ _ _ _ _ _ _ _ _ \n\nself = <selenium.webdriver.support.wait.WebDriverWait (session=\"c34e50c6685751fd28a8e448319cc5b0\")>\nmethod = <function presence_of_all_elements_located.<locals>._predicate at 0x10744eac0>\nmessage = ''\n\n    def until(self, method: Callable[[D], Union[Literal[False], T]], message: str = \"\") -> T:\n        \"\"\"Calls the method provided with the driver as an argument until the \\\n        return value does not evaluate to ``False``.\n    \n        :param method: callable(WebDriver)\n        :param message: optional message for :exc:`TimeoutException`\n        :returns: the result of the last call to `method`\n        :raises: :exc:`selenium.common.exceptions.TimeoutException` if timeout occurs\n        \"\"\"\n        screen = None\n        stacktrace = None\n    \n        end_time = time.monotonic() + self._timeout\n        while True:\n            try:\n                value = method(self._driver)\n                if value:\n                    return value\n            except self._ignored_exceptions as exc:\n                screen = getattr(exc, \"screen\", None)\n                stacktrace = getattr(exc, \"stacktrace\", None)\n            time.sleep(self._poll)\n            if time.monotonic() > end_time:\n                break\n>       raise TimeoutException(message, screen, stacktrace)\nE       selenium.common.exceptions.TimeoutException: Message:\n\n.venv/lib/python3.13/site-packages/selenium/webdriver/support/wait.py:105: TimeoutException"}, "description": "\n    Тестовый сценарий:\n    1. Авторизоваться\n    2. Перейти на таб «Создать рецепт»\n    3. Заполнить все поля формы создания рецепта:\n       - Название\n       - Описание\n       - Время приготовления\n       - Ингредиент (выбрать из списка автодополнения)\n       - Количество ингредиента\n    4. Нажать кнопку «Создать рецепт»\n    5. Проверить:\n       - Отображается ли карточка созданного рецепта\n       - Отображается ли название, которое заполняли при создании\n    ", "steps": [{"name": "Открыть главную страницу", "status": "passed", "start": 1765726853444, "stop": 1765726854058}, {"name": "Авторизоваться", "status": "passed", "start": 1765726854058, "stop": 1765726854224}, {"name": "Перейти на таб 'Создать рецепт'", "status": "passed", "start": 1765726854224, "stop": 1765726854821}, {"name": "Заполнить форму создания рецепта", "status": "broken", "statusDetails": {"message": "selenium.common.exceptions.TimeoutException: Message: \n\n", "trace": "  File \"/Users/klim/PycharmProjects/Sprint_9/tests/test_recipe_creation.py\", line 74, in test_create_recipe\n    recipe_page.create_recipe(\n    ~~~~~~~~~~~~~~~~~~~~~~~~~^\n        name=recipe_name,\n        ^^^^^^^^^^^^^^^^^\n    ...<3 lines>...\n        ingredient_quantity=ingredient_quantity\n        ^^^^^^^^^^^^^^^^^^^^^^^^^^^^^^^^^^^^^^^\n    )\n    ^\n  File \"/Users/klim/PycharmProjects/Sprint_9/pages/recipe_page.py\", line 94, in create_recipe\n    self.fill_ingredient(ingredient_name)\n    ~~~~~~~~~~~~~~~~~~~~^^^^^^^^^^^^^^^^^\n  File \"/Users/klim/PycharmProjects/Sprint_9/pages/recipe_page.py\", line 59, in fill_ingredient\n    ingredient_options = self._are_present(self.INGREDIENT_OPTION)\n  File \"/Users/klim/PycharmProjects/Sprint_9/base/base_object.py\", line 32, in _are_present\n    return self.wait.until(ec.presence_of_all_elements_located(locator))\n           ~~~~~~~~~~~~~~~^^^^^^^^^^^^^^^^^^^^^^^^^^^^^^^^^^^^^^^^^^^^^^\n  File \"/Users/klim/PycharmProjects/Sprint_9/.venv/lib/python3.13/site-packages/selenium/webdriver/support/wait.py\", line 105, in until\n    raise TimeoutException(message, screen, stacktrace)\n"}, "start": 1765726854821, "stop": 1765726860526}], "attachments": [{"name": "test_data", "source": "46d509b6-f138-458f-a05f-12ce292d7a35-attachment.txt", "type": "text/plain"}, {"name": "stdout", "source": "d435a61e-c3d0-4378-9cbb-f6f4fc5a4e38-attachment.txt", "type": "text/plain"}], "start": 1765726853444, "stop": 1765726860529, "uuid": "1d4a3f96-dc6b-4dae-a4b4-0d5d9b26a4ea", "historyId": "f961720726e4f87e9351284a25467d89", "testCaseId": "f961720726e4f87e9351284a25467d89", "fullName": "tests.test_recipe_creation.TestRecipeCreation#test_create_recipe", "labels": [{"name": "feature", "value": "Recipe Management"}, {"name": "story", "value": "Recipe Creation"}, {"name": "parentSuite", "value": "tests"}, {"name": "suite", "value": "test_recipe_creation"}, {"name": "subSuite", "value": "TestRecipeCreation"}, {"name": "host", "value": "MacBook-Air-2.local"}, {"name": "thread", "value": "20120-MainThread"}, {"name": "framework", "value": "pytest"}, {"name": "language", "value": "cpython3"}, {"name": "package", "value": "tests.test_recipe_creation"}]}