{"name": "Создание рецепта с корректными данными", "status": "broken", "statusDetails": {"message": "selenium.common.exceptions.TimeoutException: Message: \nStacktrace:\n0   chromedriver                        0x0000000101132d7c cxxbridge1$str$ptr + 3028012\n1   chromedriver                        0x000000010112ac3c cxxbridge1$str$ptr + 2994924\n2   chromedriver                        0x0000000100c26b1c _RNvCsgXDX2mvAJAg_7___rustc35___rust_no_alloc_shim_is_unstable_v2 + 74196\n3   chromedriver                        0x0000000100c6d9d8 _RNvCsgXDX2mvAJAg_7___rustc35___rust_no_alloc_shim_is_unstable_v2 + 364688\n4   chromedriver                        0x0000000100cae978 _RNvCsgXDX2mvAJAg_7___rustc35___rust_no_alloc_shim_is_unstable_v2 + 630832\n5   chromedriver                        0x0000000100c6217c _RNvCsgXDX2mvAJAg_7___rustc35___rust_no_alloc_shim_is_unstable_v2 + 317492\n6   chromedriver                        0x00000001010f72cc cxxbridge1$str$ptr + 2783612\n7   chromedriver                        0x00000001010faa30 cxxbridge1$str$ptr + 2797792\n8   chromedriver                        0x00000001010d7560 cxxbridge1$str$ptr + 2653200\n9   chromedriver                        0x00000001010fb2a0 cxxbridge1$str$ptr + 2799952\n10  chromedriver                        0x00000001010c7f30 cxxbridge1$str$ptr + 2590176\n11  chromedriver                        0x000000010111a1b8 cxxbridge1$str$ptr + 2926696\n12  chromedriver                        0x000000010111a338 cxxbridge1$str$ptr + 2927080\n13  chromedriver                        0x000000010112a894 cxxbridge1$str$ptr + 2993988\n14  libsystem_pthread.dylib             0x000000019b641c08 _pthread_start + 136\n15  libsystem_pthread.dylib             0x000000019b63cba8 thread_start + 8", "trace": "self = <tests.test_recipe_creation.TestRecipeCreation object at 0x10aeabc50>\ndriver = <selenium.webdriver.chrome.webdriver.WebDriver (session=\"9002c9fa3e49b11c6bb358138308a996\")>\nbase_url = 'https://foodgram-frontend-1.prakticum-team.ru'\n\n    @allure.title(\"Создание рецепта с корректными данными\")\n    @allure.description(\"\"\"\n    Тестовый сценарий:\n    1. Авторизоваться\n    2. Перейти на таб «Создать рецепт»\n    3. Заполнить все поля формы создания рецепта:\n       - Название\n       - Описание\n       - Время приготовления\n       - Ингредиент (выбрать из списка автодополнения)\n       - Количество ингредиента\n    4. Нажать кнопку «Создать рецепт»\n    5. Проверить:\n       - Отображается ли карточка созданного рецепта\n       - Отображается ли название, которое заполняли при создании\n    \"\"\")\n    def test_create_recipe(self, driver: WebDriver, base_url: str):\n        \"\"\"Тест создания нового рецепта\"\"\"\n        # Тестовые данные\n        test_username = \"Test_USer\"\n        test_password = \"Test1234!\"\n        recipe_name = \"Тестовый рецепт\"\n        recipe_description = \"Это тестовое описание рецепта\"\n        cooking_time = \"30\"\n        ingredient_name = \"Масло\"\n        ingredient_quantity = \"100\"\n    \n        # Прикрепить данные к отчёту Allure\n        allure.attach(\n            f\"Recipe Name: {recipe_name}\\n\"\n            f\"Ingredient: {ingredient_name}\\n\"\n            f\"Quantity: {ingredient_quantity}\\n\"\n            f\"Cooking Time: {cooking_time}\",\n            name=\"test_data\",\n            attachment_type=allure.attachment_type.TEXT\n        )\n    \n        # Шаг 1: Открыть главную страницу\n        with allure.step(\"Открыть главную страницу\"):\n            driver.get(base_url)\n    \n        # Шаг 2: Авторизоваться\n        with allure.step(\"Авторизоваться\"):\n            home_page = HomePage(driver)\n            home_page.click_login_link()\n    \n            login_page = LoginPage(driver)\n            login_page.login(\n                username=test_username,\n                password=test_password\n            )\n    \n        # Шаг 3: Перейти на таб «Создать рецепт»\n        with allure.step(\"Перейти на таб 'Создать рецепт'\"):\n            home_page = HomePage(driver)\n            home_page.click_create_recipe_tab()\n    \n        # Шаг 4: Заполнить форму создания рецепта\n        with allure.step(\"Заполнить форму создания рецепта\"):\n            recipe_page = RecipePage(driver)\n>           recipe_page.create_recipe(\n                name=recipe_name,\n                description=recipe_description,\n                cooking_time=cooking_time,\n                ingredient_name=ingredient_name,\n                ingredient_quantity=ingredient_quantity\n            )\n\ntests/test_recipe_creation.py:74: \n_ _ _ _ _ _ _ _ _ _ _ _ _ _ _ _ _ _ _ _ _ _ _ _ _ _ _ _ _ _ _ _ _ _ _ _ _ _ _ _ \npages/recipe_page.py:93: in create_recipe\n    self.fill_cooking_time(cooking_time)\npages/recipe_page.py:38: in fill_cooking_time\n    self.send_keys(self.COOKING_TIME_INPUT, time)\nbase/base_object.py:49: in send_keys\n    element = self._is_visible(locator) if ensure_visible else self._is_present(locator)\nbase/base_object.py:16: in _is_visible\n    return self.wait.until(ec.visibility_of_element_located(locator))\n_ _ _ _ _ _ _ _ _ _ _ _ _ _ _ _ _ _ _ _ _ _ _ _ _ _ _ _ _ _ _ _ _ _ _ _ _ _ _ _ \n\nself = <selenium.webdriver.support.wait.WebDriverWait (session=\"9002c9fa3e49b11c6bb358138308a996\")>\nmethod = <function visibility_of_element_located.<locals>._predicate at 0x10b03aa20>\nmessage = ''\n\n    def until(self, method: Callable[[D], Union[Literal[False], T]], message: str = \"\") -> T:\n        \"\"\"Calls the method provided with the driver as an argument until the \\\n        return value does not evaluate to ``False``.\n    \n        :param method: callable(WebDriver)\n        :param message: optional message for :exc:`TimeoutException`\n        :returns: the result of the last call to `method`\n        :raises: :exc:`selenium.common.exceptions.TimeoutException` if timeout occurs\n        \"\"\"\n        screen = None\n        stacktrace = None\n    \n        end_time = time.monotonic() + self._timeout\n        while True:\n            try:\n                value = method(self._driver)\n                if value:\n                    return value\n            except self._ignored_exceptions as exc:\n                screen = getattr(exc, \"screen\", None)\n                stacktrace = getattr(exc, \"stacktrace\", None)\n            time.sleep(self._poll)\n            if time.monotonic() > end_time:\n                break\n>       raise TimeoutException(message, screen, stacktrace)\nE       selenium.common.exceptions.TimeoutException: Message: \nE       Stacktrace:\nE       0   chromedriver                        0x0000000101132d7c cxxbridge1$str$ptr + 3028012\nE       1   chromedriver                        0x000000010112ac3c cxxbridge1$str$ptr + 2994924\nE       2   chromedriver                        0x0000000100c26b1c _RNvCsgXDX2mvAJAg_7___rustc35___rust_no_alloc_shim_is_unstable_v2 + 74196\nE       3   chromedriver                        0x0000000100c6d9d8 _RNvCsgXDX2mvAJAg_7___rustc35___rust_no_alloc_shim_is_unstable_v2 + 364688\nE       4   chromedriver                        0x0000000100cae978 _RNvCsgXDX2mvAJAg_7___rustc35___rust_no_alloc_shim_is_unstable_v2 + 630832\nE       5   chromedriver                        0x0000000100c6217c _RNvCsgXDX2mvAJAg_7___rustc35___rust_no_alloc_shim_is_unstable_v2 + 317492\nE       6   chromedriver                        0x00000001010f72cc cxxbridge1$str$ptr + 2783612\nE       7   chromedriver                        0x00000001010faa30 cxxbridge1$str$ptr + 2797792\nE       8   chromedriver                        0x00000001010d7560 cxxbridge1$str$ptr + 2653200\nE       9   chromedriver                        0x00000001010fb2a0 cxxbridge1$str$ptr + 2799952\nE       10  chromedriver                        0x00000001010c7f30 cxxbridge1$str$ptr + 2590176\nE       11  chromedriver                        0x000000010111a1b8 cxxbridge1$str$ptr + 2926696\nE       12  chromedriver                        0x000000010111a338 cxxbridge1$str$ptr + 2927080\nE       13  chromedriver                        0x000000010112a894 cxxbridge1$str$ptr + 2993988\nE       14  libsystem_pthread.dylib             0x000000019b641c08 _pthread_start + 136\nE       15  libsystem_pthread.dylib             0x000000019b63cba8 thread_start + 8\n\n.venv/lib/python3.13/site-packages/selenium/webdriver/support/wait.py:105: TimeoutException"}, "description": "\n    Тестовый сценарий:\n    1. Авторизоваться\n    2. Перейти на таб «Создать рецепт»\n    3. Заполнить все поля формы создания рецепта:\n       - Название\n       - Описание\n       - Время приготовления\n       - Ингредиент (выбрать из списка автодополнения)\n       - Количество ингредиента\n    4. Нажать кнопку «Создать рецепт»\n    5. Проверить:\n       - Отображается ли карточка созданного рецепта\n       - Отображается ли название, которое заполняли при создании\n    ", "steps": [{"name": "Открыть главную страницу", "status": "passed", "start": 1765725089283, "stop": 1765725090024}, {"name": "Авторизоваться", "status": "passed", "start": 1765725090024, "stop": 1765725090213}, {"name": "Перейти на таб 'Создать рецепт'", "status": "passed", "start": 1765725090213, "stop": 1765725090821}, {"name": "Заполнить форму создания рецепта", "status": "broken", "statusDetails": {"message": "selenium.common.exceptions.TimeoutException: Message: \nStacktrace:\n0   chromedriver                        0x0000000101132d7c cxxbridge1$str$ptr + 3028012\n1   chromedriver                        0x000000010112ac3c cxxbridge1$str$ptr + 2994924\n2   chromedriver                        0x0000000100c26b1c _RNvCsgXDX2mvAJAg_7___rustc35___rust_no_alloc_shim_is_unstable_v2 + 74196\n3   chromedriver                        0x0000000100c6d9d8 _RNvCsgXDX2mvAJAg_7___rustc35___rust_no_alloc_shim_is_unstable_v2 + 364688\n4   chromedriver                        0x0000000100cae978 _RNvCsgXDX2mvAJAg_7___rustc35___rust_no_alloc_shim_is_unstable_v2 + 630832\n5   chromedriver                        0x0000000100c6217c _RNvCsgXDX2mvAJAg_7___rustc35___rust_no_alloc_shim_is_unstable_v2 + 317492\n6   chromedriver                        0x00000001010f72cc cxxbridge1$str$ptr + 2783612\n7   chromedriver                        0x00000001010faa30 cxxbridge1$str$ptr + 2797792\n8   chromedriver                        0x00000001010d7560 cxxbridge1$str$ptr + 2653200\n9   chromedriver                        0x00000001010fb2a0 cxxbridge1$str$ptr + 2799952\n10  chromedriver                        0x00000001010c7f30 cxxbridge1$str$ptr + 2590176\n11  chromedriver                        0x000000010111a1b8 cxxbridge1$str$ptr + 2926696\n12  chromedriver                        0x000000010111a338 cxxbridge1$str$ptr + 2927080\n13  chromedriver                        0x000000010112a894 cxxbridge1$str$ptr + 2993988\n14  libsystem_pthread.dylib             0x000000019b641c08 _pthread_start + 136\n15  libsystem_pthread.dylib             0x000000019b63cba8 thread_start + 8\n\n", "trace": "  File \"/Users/klim/PycharmProjects/Sprint_9/tests/test_recipe_creation.py\", line 74, in test_create_recipe\n    recipe_page.create_recipe(\n    ~~~~~~~~~~~~~~~~~~~~~~~~~^\n        name=recipe_name,\n        ^^^^^^^^^^^^^^^^^\n    ...<3 lines>...\n        ingredient_quantity=ingredient_quantity\n        ^^^^^^^^^^^^^^^^^^^^^^^^^^^^^^^^^^^^^^^\n    )\n    ^\n  File \"/Users/klim/PycharmProjects/Sprint_9/pages/recipe_page.py\", line 93, in create_recipe\n    self.fill_cooking_time(cooking_time)\n    ~~~~~~~~~~~~~~~~~~~~~~^^^^^^^^^^^^^^\n  File \"/Users/klim/PycharmProjects/Sprint_9/pages/recipe_page.py\", line 38, in fill_cooking_time\n    self.send_keys(self.COOKING_TIME_INPUT, time)\n    ~~~~~~~~~~~~~~^^^^^^^^^^^^^^^^^^^^^^^^^^^^^^^\n  File \"/Users/klim/PycharmProjects/Sprint_9/base/base_object.py\", line 49, in send_keys\n    element = self._is_visible(locator) if ensure_visible else self._is_present(locator)\n              ~~~~~~~~~~~~~~~~^^^^^^^^^\n  File \"/Users/klim/PycharmProjects/Sprint_9/base/base_object.py\", line 16, in _is_visible\n    return self.wait.until(ec.visibility_of_element_located(locator))\n           ~~~~~~~~~~~~~~~^^^^^^^^^^^^^^^^^^^^^^^^^^^^^^^^^^^^^^^^^^^\n  File \"/Users/klim/PycharmProjects/Sprint_9/.venv/lib/python3.13/site-packages/selenium/webdriver/support/wait.py\", line 105, in until\n    raise TimeoutException(message, screen, stacktrace)\n"}, "start": 1765725090821, "stop": 1765725096397}], "attachments": [{"name": "test_data", "source": "0b7bcc1f-9c4d-45e6-b58a-caf69913c478-attachment.txt", "type": "text/plain"}, {"name": "stdout", "source": "02a8b8f9-9282-41ff-8fb9-eb0b5c533392-attachment.txt", "type": "text/plain"}], "start": 1765725089282, "stop": 1765725096402, "uuid": "7e408c2f-200a-48ef-bd3c-b65624539b50", "historyId": "f961720726e4f87e9351284a25467d89", "testCaseId": "f961720726e4f87e9351284a25467d89", "fullName": "tests.test_recipe_creation.TestRecipeCreation#test_create_recipe", "labels": [{"name": "story", "value": "Recipe Creation"}, {"name": "feature", "value": "Recipe Management"}, {"name": "parentSuite", "value": "tests"}, {"name": "suite", "value": "test_recipe_creation"}, {"name": "subSuite", "value": "TestRecipeCreation"}, {"name": "host", "value": "MacBook-Air-2.local"}, {"name": "thread", "value": "18850-MainThread"}, {"name": "framework", "value": "pytest"}, {"name": "language", "value": "cpython3"}, {"name": "package", "value": "tests.test_recipe_creation"}]}